# JRE version: OpenJDK Runtime Environment (17.0.11) (build 17.0.11+0--11852314)
# Java VM: OpenJDK 64-Bit Server VM (17.0.11+0--11852314, mixed mode, tiered, compressed oops, compressed class ptrs, g1 gc, windows-amd64)
GC Precious Log:
 CPUs: 8 total, 8 available
 Memory: 16157M
 Large Page Support: Disabled
 NUMA Support: Disabled
 Compressed Oops: Enabled (32-bit)
 Heap Region Size: 1M
 Heap Min Capacity: 8M
 Heap Initial Capacity: 254M
 Heap Max Capacity: 2G
 Pre-touch: Disabled
 Parallel Workers: 8
 Concurrent Workers: 2
 Concurrent Refinement Workers: 8
 Periodic GC: Disabled
Heap:
 garbage-first heap   total 258048K, used 214290K [0x0000000080000000, 0x0000000100000000)
  region size 1024K, 89 young (91136K), 8 survivors (8192K)
 Metaspace       used 120196K, committed 121088K, reserved 1179648K
  class space    used 15768K, committed 16192K, reserved 1048576K
GC Heap History (20 events):
Event: 11.419 GC heap before
{Heap before GC invocations=57 (full 0):
 garbage-first heap   total 201728K, used 148510K [0x0000000080000000, 0x0000000100000000)
  region size 1024K, 34 young (34816K), 2 survivors (2048K)
 Metaspace       used 92885K, committed 93632K, reserved 1179648K
  class space    used 12436K, committed 12800K, reserved 1048576K
}
Event: 11.423 GC heap after
{Heap after GC invocations=58 (full 0):
 garbage-first heap   total 201728K, used 115734K [0x0000000080000000, 0x0000000100000000)
  region size 1024K, 3 young (3072K), 3 survivors (3072K)
 Metaspace       used 92885K, committed 93632K, reserved 1179648K
  class space    used 12436K, committed 12800K, reserved 1048576K
}
Event: 11.550 GC heap before
{Heap before GC invocations=58 (full 0):
 garbage-first heap   total 201728K, used 121878K [0x0000000080000000, 0x0000000100000000)
  region size 1024K, 9 young (9216K), 3 survivors (3072K)
 Metaspace       used 94590K, committed 95296K, reserved 1179648K
  class space    used 12625K, committed 12928K, reserved 1048576K
}
Event: 11.554 GC heap after
{Heap after GC invocations=59 (full 0):
 garbage-first heap   total 201728K, used 116100K [0x0000000080000000, 0x0000000100000000)
  region size 1024K, 1 young (1024K), 1 survivors (1024K)
 Metaspace       used 94590K, committed 95296K, reserved 1179648K
  class space    used 12625K, committed 12928K, reserved 1048576K
}
Event: 12.151 GC heap before
{Heap before GC invocations=59 (full 0):
 garbage-first heap   total 201728K, used 159108K [0x0000000080000000, 0x0000000100000000)
  region size 1024K, 41 young (41984K), 1 survivors (1024K)
 Metaspace       used 98046K, committed 98816K, reserved 1179648K
  class space    used 13178K, committed 13568K, reserved 1048576K
}
Event: 12.156 GC heap after
{Heap after GC invocations=60 (full 0):
 garbage-first heap   total 201728K, used 123142K [0x0000000080000000, 0x0000000100000000)
  region size 1024K, 6 young (6144K), 6 survivors (6144K)
 Metaspace       used 98046K, committed 98816K, reserved 1179648K
  class space    used 13178K, committed 13568K, reserved 1048576K
}
Event: 12.524 GC heap before
{Heap before GC invocations=61 (full 0):
 garbage-first heap   total 215040K, used 158982K [0x0000000080000000, 0x0000000100000000)
  region size 1024K, 42 young (43008K), 6 survivors (6144K)
 Metaspace       used 98454K, committed 99200K, reserved 1179648K
  class space    used 13200K, committed 13568K, reserved 1048576K
}
Event: 12.529 GC heap after
{Heap after GC invocations=62 (full 0):
 garbage-first heap   total 215040K, used 123805K [0x0000000080000000, 0x0000000100000000)
  region size 1024K, 1 young (1024K), 1 survivors (1024K)
 Metaspace       used 98454K, committed 99200K, reserved 1179648K
  class space    used 13200K, committed 13568K, reserved 1048576K
}
Event: 12.593 GC heap before
{Heap before GC invocations=62 (full 0):
 garbage-first heap   total 215040K, used 133021K [0x0000000080000000, 0x0000000100000000)
  region size 1024K, 10 young (10240K), 1 survivors (1024K)
 Metaspace       used 98456K, committed 99200K, reserved 1179648K
  class space    used 13201K, committed 13568K, reserved 1048576K
}
Event: 12.595 GC heap after
{Heap after GC invocations=63 (full 0):
 garbage-first heap   total 258048K, used 123941K [0x0000000080000000, 0x0000000100000000)
  region size 1024K, 1 young (1024K), 1 survivors (1024K)
 Metaspace       used 98456K, committed 99200K, reserved 1179648K
  class space    used 13201K, committed 13568K, reserved 1048576K
}
Event: 13.056 GC heap before
{Heap before GC invocations=63 (full 0):
 garbage-first heap   total 258048K, used 194597K [0x0000000080000000, 0x0000000100000000)
  region size 1024K, 70 young (71680K), 1 survivors (1024K)
 Metaspace       used 98459K, committed 99200K, reserved 1179648K
  class space    used 13201K, committed 13568K, reserved 1048576K
}
Event: 13.058 GC heap after
{Heap after GC invocations=64 (full 0):
 garbage-first heap   total 258048K, used 124157K [0x0000000080000000, 0x0000000100000000)
  region size 1024K, 1 young (1024K), 1 survivors (1024K)
 Metaspace       used 98459K, committed 99200K, reserved 1179648K
  class space    used 13201K, committed 13568K, reserved 1048576K
}
Event: 13.587 GC heap before
{Heap before GC invocations=64 (full 0):
 garbage-first heap   total 258048K, used 216317K [0x0000000080000000, 0x0000000100000000)
  region size 1024K, 91 young (93184K), 1 survivors (1024K)
 Metaspace       used 98476K, committed 99200K, reserved 1179648K
  class space    used 13202K, committed 13568K, reserved 1048576K
}
Event: 13.588 GC heap after
{Heap after GC invocations=65 (full 0):
 garbage-first heap   total 258048K, used 124361K [0x0000000080000000, 0x0000000100000000)
  region size 1024K, 2 young (2048K), 2 survivors (2048K)
 Metaspace       used 98476K, committed 99200K, reserved 1179648K
  class space    used 13202K, committed 13568K, reserved 1048576K
}
Event: 16.068 GC heap before
{Heap before GC invocations=65 (full 0):
 garbage-first heap   total 258048K, used 217545K [0x0000000080000000, 0x0000000100000000)
  region size 1024K, 94 young (96256K), 2 survivors (2048K)
 Metaspace       used 105420K, committed 106176K, reserved 1179648K
  class space    used 14094K, committed 14464K, reserved 1048576K
}
Event: 16.074 GC heap after
{Heap after GC invocations=66 (full 0):
 garbage-first heap   total 258048K, used 126153K [0x0000000080000000, 0x0000000100000000)
  region size 1024K, 5 young (5120K), 5 survivors (5120K)
 Metaspace       used 105420K, committed 106176K, reserved 1179648K
  class space    used 14094K, committed 14464K, reserved 1048576K
}
Event: 19.802 GC heap before
{Heap before GC invocations=66 (full 0):
 garbage-first heap   total 258048K, used 217289K [0x0000000080000000, 0x0000000100000000)
  region size 1024K, 95 young (97280K), 5 survivors (5120K)
 Metaspace       used 106405K, committed 107200K, reserved 1179648K
  class space    used 14159K, committed 14528K, reserved 1048576K
}
Event: 19.809 GC heap after
{Heap after GC invocations=67 (full 0):
 garbage-first heap   total 258048K, used 128745K [0x0000000080000000, 0x0000000100000000)
  region size 1024K, 8 young (8192K), 8 survivors (8192K)
 Metaspace       used 106405K, committed 107200K, reserved 1179648K
  class space    used 14159K, committed 14528K, reserved 1048576K
}
Event: 21.262 GC heap before
{Heap before GC invocations=67 (full 0):
 garbage-first heap   total 258048K, used 217833K [0x0000000080000000, 0x0000000100000000)
  region size 1024K, 96 young (98304K), 8 survivors (8192K)
 Metaspace       used 113194K, committed 113920K, reserved 1179648K
  class space    used 15015K, committed 15360K, reserved 1048576K
}
Event: 21.270 GC heap after
{Heap after GC invocations=68 (full 0):
 garbage-first heap   total 258048K, used 133394K [0x0000000080000000, 0x0000000100000000)
  region size 1024K, 8 young (8192K), 8 survivors (8192K)
 Metaspace       used 113194K, committed 113920K, reserved 1179648K
  class space    used 15015K, committed 15360K, reserved 1048576K
}

