# JRE version: OpenJDK Runtime Environment (17.0.11) (build 17.0.11+0--11852314)
# Java VM: OpenJDK 64-Bit Server VM (17.0.11+0--11852314, mixed mode, tiered, compressed oops, compressed class ptrs, g1 gc, windows-amd64)
GC Precious Log:
 CPUs: 8 total, 8 available
 Memory: 16157M
 Large Page Support: Disabled
 NUMA Support: Disabled
 Compressed Oops: Enabled (32-bit)
 Heap Region Size: 1M
 Heap Min Capacity: 8M
 Heap Initial Capacity: 254M
 Heap Max Capacity: 2G
 Pre-touch: Disabled
 Parallel Workers: 8
 Concurrent Workers: 2
 Concurrent Refinement Workers: 8
 Periodic GC: Disabled
Heap:
 garbage-first heap   total 315392K, used 202215K [0x0000000080000000, 0x0000000100000000)
  region size 1024K, 77 young (78848K), 10 survivors (10240K)
 Metaspace       used 120974K, committed 121856K, reserved 1179648K
  class space    used 15810K, committed 16192K, reserved 1048576K
GC Heap History (20 events):
Event: 11.339 GC heap before
{Heap before GC invocations=37 (full 0):
 garbage-first heap   total 138240K, used 112052K [0x0000000080000000, 0x0000000100000000)
  region size 1024K, 32 young (32768K), 1 survivors (1024K)
 Metaspace       used 70651K, committed 71296K, reserved 1114112K
  class space    used 9329K, committed 9600K, reserved 1048576K
}
Event: 11.341 GC heap after
{Heap after GC invocations=38 (full 0):
 garbage-first heap   total 138240K, used 82703K [0x0000000080000000, 0x0000000100000000)
  region size 1024K, 3 young (3072K), 3 survivors (3072K)
 Metaspace       used 70651K, committed 71296K, reserved 1114112K
  class space    used 9329K, committed 9600K, reserved 1048576K
}
Event: 11.638 GC heap before
{Heap before GC invocations=39 (full 0):
 garbage-first heap   total 157696K, used 119567K [0x0000000080000000, 0x0000000100000000)
  region size 1024K, 33 young (33792K), 3 survivors (3072K)
 Metaspace       used 72582K, committed 73152K, reserved 1114112K
  class space    used 9591K, committed 9856K, reserved 1048576K
}
Event: 11.642 GC heap after
{Heap after GC invocations=40 (full 0):
 garbage-first heap   total 157696K, used 85518K [0x0000000080000000, 0x0000000100000000)
  region size 1024K, 5 young (5120K), 5 survivors (5120K)
 Metaspace       used 72582K, committed 73152K, reserved 1114112K
  class space    used 9591K, committed 9856K, reserved 1048576K
}
Event: 11.663 GC heap before
{Heap before GC invocations=40 (full 0):
 garbage-first heap   total 157696K, used 87566K [0x0000000080000000, 0x0000000100000000)
  region size 1024K, 7 young (7168K), 5 survivors (5120K)
 Metaspace       used 72740K, committed 73280K, reserved 1114112K
  class space    used 9611K, committed 9856K, reserved 1048576K
}
Event: 11.666 GC heap after
{Heap after GC invocations=41 (full 0):
 garbage-first heap   total 157696K, used 86057K [0x0000000080000000, 0x0000000100000000)
  region size 1024K, 1 young (1024K), 1 survivors (1024K)
 Metaspace       used 72740K, committed 73280K, reserved 1114112K
  class space    used 9611K, committed 9856K, reserved 1048576K
}
Event: 12.096 GC heap before
{Heap before GC invocations=41 (full 0):
 garbage-first heap   total 157696K, used 124969K [0x0000000080000000, 0x0000000100000000)
  region size 1024K, 39 young (39936K), 1 survivors (1024K)
 Metaspace       used 76501K, committed 77184K, reserved 1179648K
  class space    used 10091K, committed 10368K, reserved 1048576K
}
Event: 12.098 GC heap after
{Heap after GC invocations=42 (full 0):
 garbage-first heap   total 157696K, used 87576K [0x0000000080000000, 0x0000000100000000)
  region size 1024K, 3 young (3072K), 3 survivors (3072K)
 Metaspace       used 76501K, committed 77184K, reserved 1179648K
  class space    used 10091K, committed 10368K, reserved 1048576K
}
Event: 12.389 GC heap before
{Heap before GC invocations=42 (full 0):
 garbage-first heap   total 157696K, used 126488K [0x0000000080000000, 0x0000000100000000)
  region size 1024K, 41 young (41984K), 3 survivors (3072K)
 Metaspace       used 77567K, committed 78208K, reserved 1179648K
  class space    used 10227K, committed 10496K, reserved 1048576K
}
Event: 12.393 GC heap after
{Heap after GC invocations=43 (full 0):
 garbage-first heap   total 157696K, used 90451K [0x0000000080000000, 0x0000000100000000)
  region size 1024K, 5 young (5120K), 5 survivors (5120K)
 Metaspace       used 77567K, committed 78208K, reserved 1179648K
  class space    used 10227K, committed 10496K, reserved 1048576K
}
Event: 13.005 GC heap before
{Heap before GC invocations=43 (full 0):
 garbage-first heap   total 157696K, used 128339K [0x0000000080000000, 0x0000000100000000)
  region size 1024K, 42 young (43008K), 5 survivors (5120K)
 Metaspace       used 81674K, committed 82304K, reserved 1179648K
  class space    used 10872K, committed 11136K, reserved 1048576K
}
Event: 13.013 GC heap after
{Heap after GC invocations=44 (full 0):
 garbage-first heap   total 315392K, used 93218K [0x0000000080000000, 0x0000000100000000)
  region size 1024K, 6 young (6144K), 6 survivors (6144K)
 Metaspace       used 81674K, committed 82304K, reserved 1179648K
  class space    used 10872K, committed 11136K, reserved 1048576K
}
Event: 15.106 GC heap before
{Heap before GC invocations=44 (full 0):
 garbage-first heap   total 315392K, used 222242K [0x0000000080000000, 0x0000000100000000)
  region size 1024K, 120 young (122880K), 6 survivors (6144K)
 Metaspace       used 97028K, committed 97792K, reserved 1179648K
  class space    used 12911K, committed 13248K, reserved 1048576K
}
Event: 15.122 GC heap after
{Heap after GC invocations=45 (full 0):
 garbage-first heap   total 315392K, used 117390K [0x0000000080000000, 0x0000000100000000)
  region size 1024K, 15 young (15360K), 15 survivors (15360K)
 Metaspace       used 97028K, committed 97792K, reserved 1179648K
  class space    used 12911K, committed 13248K, reserved 1048576K
}
Event: 17.427 GC heap before
{Heap before GC invocations=45 (full 0):
 garbage-first heap   total 315392K, used 235150K [0x0000000080000000, 0x0000000100000000)
  region size 1024K, 130 young (133120K), 15 survivors (15360K)
 Metaspace       used 106797K, committed 107584K, reserved 1179648K
  class space    used 14217K, committed 14592K, reserved 1048576K
}
Event: 17.444 GC heap after
{Heap after GC invocations=46 (full 0):
 garbage-first heap   total 315392K, used 126087K [0x0000000080000000, 0x0000000100000000)
  region size 1024K, 9 young (9216K), 9 survivors (9216K)
 Metaspace       used 106797K, committed 107584K, reserved 1179648K
  class space    used 14217K, committed 14592K, reserved 1048576K
}
Event: 19.520 GC heap before
{Heap before GC invocations=46 (full 0):
 garbage-first heap   total 315392K, used 240775K [0x0000000080000000, 0x0000000100000000)
  region size 1024K, 122 young (124928K), 9 survivors (9216K)
 Metaspace       used 114814K, committed 115648K, reserved 1179648K
  class space    used 15195K, committed 15552K, reserved 1048576K
}
Event: 19.534 GC heap after
{Heap after GC invocations=47 (full 0):
 garbage-first heap   total 315392K, used 132518K [0x0000000080000000, 0x0000000100000000)
  region size 1024K, 15 young (15360K), 15 survivors (15360K)
 Metaspace       used 114814K, committed 115648K, reserved 1179648K
  class space    used 15195K, committed 15552K, reserved 1048576K
}
Event: 20.102 GC heap before
{Heap before GC invocations=47 (full 0):
 garbage-first heap   total 315392K, used 166310K [0x0000000080000000, 0x0000000100000000)
  region size 1024K, 50 young (51200K), 15 survivors (15360K)
 Metaspace       used 118140K, committed 118976K, reserved 1179648K
  class space    used 15543K, committed 15936K, reserved 1048576K
}
Event: 20.114 GC heap after
{Heap after GC invocations=48 (full 0):
 garbage-first heap   total 315392K, used 134631K [0x0000000080000000, 0x0000000100000000)
  region size 1024K, 10 young (10240K), 10 survivors (10240K)
 Metaspace       used 118140K, committed 118976K, reserved 1179648K
  class space    used 15543K, committed 15936K, reserved 1048576K
}

