# JRE version: OpenJDK Runtime Environment (17.0.11) (build 17.0.11+0--11852314)
# Java VM: OpenJDK 64-Bit Server VM (17.0.11+0--11852314, mixed mode, tiered, compressed oops, compressed class ptrs, g1 gc, windows-amd64)
GC Precious Log:
 CPUs: 8 total, 8 available
 Memory: 16157M
 Large Page Support: Disabled
 NUMA Support: Disabled
 Compressed Oops: Enabled (32-bit)
 Heap Region Size: 1M
 Heap Min Capacity: 8M
 Heap Initial Capacity: 254M
 Heap Max Capacity: 2G
 Pre-touch: Disabled
 Parallel Workers: 8
 Concurrent Workers: 2
 Concurrent Refinement Workers: 8
 Periodic GC: Disabled
Heap:
 garbage-first heap   total 260096K, used 203945K [0x0000000080000000, 0x0000000100000000)
  region size 1024K, 3 young (3072K), 3 survivors (3072K)
 Metaspace       used 129584K, committed 130560K, reserved 1179648K
  class space    used 16664K, committed 17152K, reserved 1048576K
GC Heap History (20 events):
Event: 90.102 GC heap after
{Heap after GC invocations=47 (full 0):
 garbage-first heap   total 256000K, used 173732K [0x0000000080000000, 0x0000000100000000)
  region size 1024K, 5 young (5120K), 5 survivors (5120K)
 Metaspace       used 121979K, committed 122880K, reserved 1179648K
  class space    used 15877K, committed 16320K, reserved 1048576K
}
Event: 90.486 GC heap before
{Heap before GC invocations=47 (full 0):
 garbage-first heap   total 256000K, used 211620K [0x0000000080000000, 0x0000000100000000)
  region size 1024K, 43 young (44032K), 5 survivors (5120K)
 Metaspace       used 124638K, committed 125632K, reserved 1179648K
  class space    used 16085K, committed 16576K, reserved 1048576K
}
Event: 90.492 GC heap after
{Heap after GC invocations=48 (full 0):
 garbage-first heap   total 256000K, used 178813K [0x0000000080000000, 0x0000000100000000)
  region size 1024K, 5 young (5120K), 5 survivors (5120K)
 Metaspace       used 124638K, committed 125632K, reserved 1179648K
  class space    used 16085K, committed 16576K, reserved 1048576K
}
Event: 90.688 GC heap before
{Heap before GC invocations=48 (full 0):
 garbage-first heap   total 256000K, used 214653K [0x0000000080000000, 0x0000000100000000)
  region size 1024K, 41 young (41984K), 5 survivors (5120K)
 Metaspace       used 124986K, committed 125952K, reserved 1179648K
  class space    used 16113K, committed 16576K, reserved 1048576K
}
Event: 90.695 GC heap after
{Heap after GC invocations=49 (full 0):
 garbage-first heap   total 256000K, used 184283K [0x0000000080000000, 0x0000000100000000)
  region size 1024K, 6 young (6144K), 6 survivors (6144K)
 Metaspace       used 124986K, committed 125952K, reserved 1179648K
  class space    used 16113K, committed 16576K, reserved 1048576K
}
Event: 91.058 GC heap before
{Heap before GC invocations=49 (full 0):
 garbage-first heap   total 256000K, used 216027K [0x0000000080000000, 0x0000000100000000)
  region size 1024K, 38 young (38912K), 6 survivors (6144K)
 Metaspace       used 125600K, committed 126592K, reserved 1179648K
  class space    used 16153K, committed 16640K, reserved 1048576K
}
Event: 91.062 GC heap after
{Heap after GC invocations=50 (full 0):
 garbage-first heap   total 256000K, used 180824K [0x0000000080000000, 0x0000000100000000)
  region size 1024K, 1 young (1024K), 1 survivors (1024K)
 Metaspace       used 125600K, committed 126592K, reserved 1179648K
  class space    used 16153K, committed 16640K, reserved 1048576K
}
Event: 92.864 GC heap before
{Heap before GC invocations=50 (full 0):
 garbage-first heap   total 256000K, used 218712K [0x0000000080000000, 0x0000000100000000)
  region size 1024K, 37 young (37888K), 1 survivors (1024K)
 Metaspace       used 127278K, committed 128256K, reserved 1179648K
  class space    used 16370K, committed 16832K, reserved 1048576K
}
Event: 92.866 GC heap after
{Heap after GC invocations=51 (full 0):
 garbage-first heap   total 256000K, used 181320K [0x0000000080000000, 0x0000000100000000)
  region size 1024K, 2 young (2048K), 2 survivors (2048K)
 Metaspace       used 127278K, committed 128256K, reserved 1179648K
  class space    used 16370K, committed 16832K, reserved 1048576K
}
Event: 94.858 GC heap before
{Heap before GC invocations=51 (full 0):
 garbage-first heap   total 256000K, used 218184K [0x0000000080000000, 0x0000000100000000)
  region size 1024K, 39 young (39936K), 2 survivors (2048K)
 Metaspace       used 128136K, committed 129088K, reserved 1179648K
  class space    used 16471K, committed 16960K, reserved 1048576K
}
Event: 94.862 GC heap after
{Heap after GC invocations=52 (full 0):
 garbage-first heap   total 256000K, used 184408K [0x0000000080000000, 0x0000000100000000)
  region size 1024K, 5 young (5120K), 5 survivors (5120K)
 Metaspace       used 128136K, committed 129088K, reserved 1179648K
  class space    used 16471K, committed 16960K, reserved 1048576K
}
Event: 95.328 GC heap before
{Heap before GC invocations=52 (full 0):
 garbage-first heap   total 256000K, used 218200K [0x0000000080000000, 0x0000000100000000)
  region size 1024K, 39 young (39936K), 5 survivors (5120K)
 Metaspace       used 128271K, committed 129216K, reserved 1179648K
  class space    used 16475K, committed 16960K, reserved 1048576K
}
Event: 95.333 GC heap after
{Heap after GC invocations=53 (full 0):
 garbage-first heap   total 256000K, used 184625K [0x0000000080000000, 0x0000000100000000)
  region size 1024K, 1 young (1024K), 1 survivors (1024K)
 Metaspace       used 128271K, committed 129216K, reserved 1179648K
  class space    used 16475K, committed 16960K, reserved 1048576K
}
Event: 95.629 GC heap before
{Heap before GC invocations=53 (full 0):
 garbage-first heap   total 256000K, used 220465K [0x0000000080000000, 0x0000000100000000)
  region size 1024K, 37 young (37888K), 1 survivors (1024K)
 Metaspace       used 128954K, committed 129856K, reserved 1179648K
  class space    used 16577K, committed 17024K, reserved 1048576K
}
Event: 95.633 GC heap after
{Heap after GC invocations=54 (full 0):
 garbage-first heap   total 256000K, used 187866K [0x0000000080000000, 0x0000000100000000)
  region size 1024K, 4 young (4096K), 4 survivors (4096K)
 Metaspace       used 128954K, committed 129856K, reserved 1179648K
  class space    used 16577K, committed 17024K, reserved 1048576K
}
Event: 95.667 GC heap before
{Heap before GC invocations=54 (full 0):
 garbage-first heap   total 256000K, used 219610K [0x0000000080000000, 0x0000000100000000)
  region size 1024K, 36 young (36864K), 4 survivors (4096K)
 Metaspace       used 129419K, committed 130368K, reserved 1179648K
  class space    used 16631K, committed 17088K, reserved 1048576K
}
Event: 95.671 GC heap after
{Heap after GC invocations=55 (full 0):
 garbage-first heap   total 256000K, used 196495K [0x0000000080000000, 0x0000000100000000)
  region size 1024K, 5 young (5120K), 5 survivors (5120K)
 Metaspace       used 129419K, committed 130368K, reserved 1179648K
  class space    used 16631K, committed 17088K, reserved 1048576K
}
Event: 95.672 GC heap before
{Heap before GC invocations=55 (full 0):
 garbage-first heap   total 256000K, used 196495K [0x0000000080000000, 0x0000000100000000)
  region size 1024K, 6 young (6144K), 5 survivors (5120K)
 Metaspace       used 129421K, committed 130368K, reserved 1179648K
  class space    used 16631K, committed 17088K, reserved 1048576K
}
Event: 95.674 GC heap after
{Heap after GC invocations=56 (full 0):
 garbage-first heap   total 256000K, used 196881K [0x0000000080000000, 0x0000000100000000)
  region size 1024K, 1 young (1024K), 1 survivors (1024K)
 Metaspace       used 129421K, committed 130368K, reserved 1179648K
  class space    used 16631K, committed 17088K, reserved 1048576K
}
Event: 95.701 GC heap before
{Heap before GC invocations=56 (full 0):
 garbage-first heap   total 256000K, used 220433K [0x0000000080000000, 0x0000000100000000)
  region size 1024K, 23 young (23552K), 1 survivors (1024K)
 Metaspace       used 129584K, committed 130560K, reserved 1179648K
  class space    used 16664K, committed 17152K, reserved 1048576K
}

