# JRE version: OpenJDK Runtime Environment (17.0.11) (build 17.0.11+0--11852314)
# Java VM: OpenJDK 64-Bit Server VM (17.0.11+0--11852314, mixed mode, tiered, compressed oops, compressed class ptrs, g1 gc, windows-amd64)
GC Precious Log:
 CPUs: 8 total, 8 available
 Memory: 16157M
 Large Page Support: Disabled
 NUMA Support: Disabled
 Compressed Oops: Enabled (32-bit)
 Heap Region Size: 1M
 Heap Min Capacity: 8M
 Heap Initial Capacity: 254M
 Heap Max Capacity: 2G
 Pre-touch: Disabled
 Parallel Workers: 8
 Concurrent Workers: 2
 Concurrent Refinement Workers: 8
 Periodic GC: Disabled
Heap:
 garbage-first heap   total 70656K, used 42271K [0x0000000080000000, 0x0000000100000000)
  region size 1024K, 2 young (2048K), 2 survivors (2048K)
 Metaspace       used 41506K, committed 41920K, reserved 1114112K
  class space    used 5550K, committed 5760K, reserved 1048576K
GC Heap History (20 events):
Event: 1.575 GC heap after
{Heap after GC invocations=2 (full 0):
 garbage-first heap   total 260096K, used 11511K [0x0000000080000000, 0x0000000100000000)
  region size 1024K, 3 young (3072K), 3 survivors (3072K)
 Metaspace       used 11209K, committed 11392K, reserved 1114112K
  class space    used 1165K, committed 1280K, reserved 1048576K
}
Event: 3.902 GC heap before
{Heap before GC invocations=2 (full 0):
 garbage-first heap   total 260096K, used 50423K [0x0000000080000000, 0x0000000100000000)
  region size 1024K, 42 young (43008K), 3 survivors (3072K)
 Metaspace       used 21298K, committed 21504K, reserved 1114112K
  class space    used 2541K, committed 2624K, reserved 1048576K
}
Event: 3.909 GC heap after
{Heap after GC invocations=3 (full 0):
 garbage-first heap   total 260096K, used 17707K [0x0000000080000000, 0x0000000100000000)
  region size 1024K, 9 young (9216K), 9 survivors (9216K)
 Metaspace       used 21298K, committed 21504K, reserved 1114112K
  class space    used 2541K, committed 2624K, reserved 1048576K
}
Event: 5.259 GC heap before
{Heap before GC invocations=4 (full 0):
 garbage-first heap   total 68608K, used 49451K [0x0000000080000000, 0x0000000100000000)
  region size 1024K, 40 young (40960K), 9 survivors (9216K)
 Metaspace       used 26544K, committed 26816K, reserved 1114112K
  class space    used 3471K, committed 3584K, reserved 1048576K
}
Event: 5.267 GC heap after
{Heap after GC invocations=5 (full 0):
 garbage-first heap   total 68608K, used 19684K [0x0000000080000000, 0x0000000100000000)
  region size 1024K, 3 young (3072K), 3 survivors (3072K)
 Metaspace       used 26544K, committed 26816K, reserved 1114112K
  class space    used 3471K, committed 3584K, reserved 1048576K
}
Event: 5.345 GC heap before
{Heap before GC invocations=5 (full 0):
 garbage-first heap   total 68608K, used 20708K [0x0000000080000000, 0x0000000100000000)
  region size 1024K, 4 young (4096K), 3 survivors (3072K)
 Metaspace       used 26721K, committed 27072K, reserved 1114112K
  class space    used 3500K, committed 3648K, reserved 1048576K
}
Event: 5.347 GC heap after
{Heap after GC invocations=6 (full 0):
 garbage-first heap   total 68608K, used 20075K [0x0000000080000000, 0x0000000100000000)
  region size 1024K, 1 young (1024K), 1 survivors (1024K)
 Metaspace       used 26721K, committed 27072K, reserved 1114112K
  class space    used 3500K, committed 3648K, reserved 1048576K
}
Event: 6.641 GC heap before
{Heap before GC invocations=6 (full 0):
 garbage-first heap   total 68608K, used 45675K [0x0000000080000000, 0x0000000100000000)
  region size 1024K, 19 young (19456K), 1 survivors (1024K)
 Metaspace       used 29302K, committed 29696K, reserved 1114112K
  class space    used 3937K, committed 4096K, reserved 1048576K
}
Event: 6.644 GC heap after
{Heap after GC invocations=7 (full 0):
 garbage-first heap   total 68608K, used 31564K [0x0000000080000000, 0x0000000100000000)
  region size 1024K, 4 young (4096K), 4 survivors (4096K)
 Metaspace       used 29302K, committed 29696K, reserved 1114112K
  class space    used 3937K, committed 4096K, reserved 1048576K
}
Event: 7.298 GC heap before
{Heap before GC invocations=7 (full 0):
 garbage-first heap   total 68608K, used 35660K [0x0000000080000000, 0x0000000100000000)
  region size 1024K, 6 young (6144K), 4 survivors (4096K)
 Metaspace       used 29453K, committed 29824K, reserved 1114112K
  class space    used 3958K, committed 4096K, reserved 1048576K
}
Event: 7.300 GC heap after
{Heap after GC invocations=8 (full 0):
 garbage-first heap   total 68608K, used 35570K [0x0000000080000000, 0x0000000100000000)
  region size 1024K, 1 young (1024K), 1 survivors (1024K)
 Metaspace       used 29453K, committed 29824K, reserved 1114112K
  class space    used 3958K, committed 4096K, reserved 1048576K
}
Event: 7.925 GC heap before
{Heap before GC invocations=9 (full 0):
 garbage-first heap   total 68608K, used 49906K [0x0000000080000000, 0x0000000100000000)
  region size 1024K, 14 young (14336K), 1 survivors (1024K)
 Metaspace       used 31399K, committed 31744K, reserved 1114112K
  class space    used 4268K, committed 4416K, reserved 1048576K
}
Event: 7.928 GC heap after
{Heap after GC invocations=10 (full 0):
 garbage-first heap   total 68608K, used 37203K [0x0000000080000000, 0x0000000100000000)
  region size 1024K, 2 young (2048K), 2 survivors (2048K)
 Metaspace       used 31399K, committed 31744K, reserved 1114112K
  class space    used 4268K, committed 4416K, reserved 1048576K
}
Event: 9.327 GC heap before
{Heap before GC invocations=10 (full 0):
 garbage-first heap   total 68608K, used 50515K [0x0000000080000000, 0x0000000100000000)
  region size 1024K, 15 young (15360K), 2 survivors (2048K)
 Metaspace       used 33216K, committed 33600K, reserved 1114112K
  class space    used 4567K, committed 4736K, reserved 1048576K
}
Event: 9.331 GC heap after
{Heap after GC invocations=11 (full 0):
 garbage-first heap   total 68608K, used 37973K [0x0000000080000000, 0x0000000100000000)
  region size 1024K, 2 young (2048K), 2 survivors (2048K)
 Metaspace       used 33216K, committed 33600K, reserved 1114112K
  class space    used 4567K, committed 4736K, reserved 1048576K
}
Event: 10.497 GC heap before
{Heap before GC invocations=12 (full 0):
 garbage-first heap   total 68608K, used 50261K [0x0000000080000000, 0x0000000100000000)
  region size 1024K, 15 young (15360K), 2 survivors (2048K)
 Metaspace       used 35388K, committed 35776K, reserved 1114112K
  class space    used 4909K, committed 5056K, reserved 1048576K
}
Event: 10.501 GC heap after
{Heap after GC invocations=13 (full 0):
 garbage-first heap   total 68608K, used 38459K [0x0000000080000000, 0x0000000100000000)
  region size 1024K, 2 young (2048K), 2 survivors (2048K)
 Metaspace       used 35388K, committed 35776K, reserved 1114112K
  class space    used 4909K, committed 5056K, reserved 1048576K
}
Event: 11.543 GC heap before
{Heap before GC invocations=13 (full 0):
 garbage-first heap   total 68608K, used 52795K [0x0000000080000000, 0x0000000100000000)
  region size 1024K, 16 young (16384K), 2 survivors (2048K)
 Metaspace       used 39853K, committed 40256K, reserved 1114112K
  class space    used 5378K, committed 5568K, reserved 1048576K
}
Event: 11.554 GC heap after
{Heap after GC invocations=14 (full 0):
 garbage-first heap   total 68608K, used 40560K [0x0000000080000000, 0x0000000100000000)
  region size 1024K, 2 young (2048K), 2 survivors (2048K)
 Metaspace       used 39853K, committed 40256K, reserved 1114112K
  class space    used 5378K, committed 5568K, reserved 1048576K
}
Event: 12.242 GC heap before
{Heap before GC invocations=15 (full 0):
 garbage-first heap   total 70656K, used 53872K [0x0000000080000000, 0x0000000100000000)
  region size 1024K, 15 young (15360K), 2 survivors (2048K)
 Metaspace       used 41506K, committed 41920K, reserved 1114112K
  class space    used 5550K, committed 5760K, reserved 1048576K
}

