# JRE version: OpenJDK Runtime Environment (17.0.11) (build 17.0.11+0--11852314)
# Java VM: OpenJDK 64-Bit Server VM (17.0.11+0--11852314, mixed mode, tiered, compressed oops, compressed class ptrs, g1 gc, windows-amd64)
GC Precious Log:
 CPUs: 8 total, 8 available
 Memory: 16157M
 Large Page Support: Disabled
 NUMA Support: Disabled
 Compressed Oops: Enabled (32-bit)
 Heap Region Size: 1M
 Heap Min Capacity: 8M
 Heap Initial Capacity: 254M
 Heap Max Capacity: 2G
 Pre-touch: Disabled
 Parallel Workers: 8
 Concurrent Workers: 2
 Concurrent Refinement Workers: 8
 Periodic GC: Disabled
Heap:
 garbage-first heap   total 316416K, used 176950K [0x0000000080000000, 0x0000000100000000)
  region size 1024K, 9 young (9216K), 9 survivors (9216K)
 Metaspace       used 118751K, committed 119488K, reserved 1179648K
  class space    used 15644K, committed 16000K, reserved 1048576K
GC Heap History (20 events):
Event: 15.103 GC heap after
{Heap after GC invocations=41 (full 0):
 garbage-first heap   total 138240K, used 74282K [0x0000000080000000, 0x0000000100000000)
  region size 1024K, 1 young (1024K), 1 survivors (1024K)
 Metaspace       used 85731K, committed 86336K, reserved 1179648K
  class space    used 11271K, committed 11520K, reserved 1048576K
}
Event: 15.515 GC heap before
{Heap before GC invocations=41 (full 0):
 garbage-first heap   total 138240K, used 111146K [0x0000000080000000, 0x0000000100000000)
  region size 1024K, 37 young (37888K), 1 survivors (1024K)
 Metaspace       used 90767K, committed 91392K, reserved 1179648K
  class space    used 12008K, committed 12288K, reserved 1048576K
}
Event: 15.519 GC heap after
{Heap after GC invocations=42 (full 0):
 garbage-first heap   total 316416K, used 76381K [0x0000000080000000, 0x0000000100000000)
  region size 1024K, 3 young (3072K), 3 survivors (3072K)
 Metaspace       used 90767K, committed 91392K, reserved 1179648K
  class space    used 12008K, committed 12288K, reserved 1048576K
}
Event: 18.691 GC heap before
{Heap before GC invocations=43 (full 0):
 garbage-first heap   total 276480K, used 218717K [0x0000000080000000, 0x0000000100000000)
  region size 1024K, 143 young (146432K), 3 survivors (3072K)
 Metaspace       used 97674K, committed 98368K, reserved 1179648K
  class space    used 12927K, committed 13248K, reserved 1048576K
}
Event: 18.710 GC heap after
{Heap after GC invocations=44 (full 0):
 garbage-first heap   total 276480K, used 93343K [0x0000000080000000, 0x0000000100000000)
  region size 1024K, 18 young (18432K), 18 survivors (18432K)
 Metaspace       used 97674K, committed 98368K, reserved 1179648K
  class space    used 12927K, committed 13248K, reserved 1048576K
}
Event: 18.712 GC heap before
{Heap before GC invocations=44 (full 0):
 garbage-first heap   total 276480K, used 94367K [0x0000000080000000, 0x0000000100000000)
  region size 1024K, 19 young (19456K), 18 survivors (18432K)
 Metaspace       used 97675K, committed 98368K, reserved 1179648K
  class space    used 12927K, committed 13248K, reserved 1048576K
}
Event: 18.727 GC heap after
{Heap after GC invocations=45 (full 0):
 garbage-first heap   total 276480K, used 93754K [0x0000000080000000, 0x0000000100000000)
  region size 1024K, 2 young (2048K), 2 survivors (2048K)
 Metaspace       used 97675K, committed 98368K, reserved 1179648K
  class space    used 12927K, committed 13248K, reserved 1048576K
}
Event: 21.541 GC heap before
{Heap before GC invocations=45 (full 0):
 garbage-first heap   total 276480K, used 231994K [0x0000000080000000, 0x0000000100000000)
  region size 1024K, 113 young (115712K), 2 survivors (2048K)
 Metaspace       used 101889K, committed 102528K, reserved 1179648K
  class space    used 13278K, committed 13568K, reserved 1048576K
}
Event: 21.558 GC heap after
{Heap after GC invocations=46 (full 0):
 garbage-first heap   total 276480K, used 116639K [0x0000000080000000, 0x0000000100000000)
  region size 1024K, 15 young (15360K), 15 survivors (15360K)
 Metaspace       used 101889K, committed 102528K, reserved 1179648K
  class space    used 13278K, committed 13568K, reserved 1048576K
}
Event: 22.609 GC heap before
{Heap before GC invocations=46 (full 0):
 garbage-first heap   total 276480K, used 212895K [0x0000000080000000, 0x0000000100000000)
  region size 1024K, 110 young (112640K), 15 survivors (15360K)
 Metaspace       used 104173K, committed 104896K, reserved 1179648K
  class space    used 13514K, committed 13888K, reserved 1048576K
}
Event: 22.621 GC heap after
{Heap after GC invocations=47 (full 0):
 garbage-first heap   total 276480K, used 114677K [0x0000000080000000, 0x0000000100000000)
  region size 1024K, 3 young (3072K), 3 survivors (3072K)
 Metaspace       used 104173K, committed 104896K, reserved 1179648K
  class space    used 13514K, committed 13888K, reserved 1048576K
}
Event: 24.867 GC heap before
{Heap before GC invocations=47 (full 0):
 garbage-first heap   total 276480K, used 218101K [0x0000000080000000, 0x0000000100000000)
  region size 1024K, 105 young (107520K), 3 survivors (3072K)
 Metaspace       used 109763K, committed 110528K, reserved 1179648K
  class space    used 14235K, committed 14592K, reserved 1048576K
}
Event: 24.874 GC heap after
{Heap after GC invocations=48 (full 0):
 garbage-first heap   total 276480K, used 119597K [0x0000000080000000, 0x0000000100000000)
  region size 1024K, 8 young (8192K), 8 survivors (8192K)
 Metaspace       used 109763K, committed 110528K, reserved 1179648K
  class space    used 14235K, committed 14592K, reserved 1048576K
}
Event: 25.313 GC heap before
{Heap before GC invocations=48 (full 0):
 garbage-first heap   total 276480K, used 223021K [0x0000000080000000, 0x0000000100000000)
  region size 1024K, 108 young (110592K), 8 survivors (8192K)
 Metaspace       used 113755K, committed 114496K, reserved 1179648K
  class space    used 14825K, committed 15168K, reserved 1048576K
}
Event: 25.328 GC heap after
{Heap after GC invocations=49 (full 0):
 garbage-first heap   total 276480K, used 143916K [0x0000000080000000, 0x0000000100000000)
  region size 1024K, 14 young (14336K), 14 survivors (14336K)
 Metaspace       used 113755K, committed 114496K, reserved 1179648K
  class space    used 14825K, committed 15168K, reserved 1048576K
}
Event: 25.641 GC heap before
{Heap before GC invocations=49 (full 0):
 garbage-first heap   total 276480K, used 218668K [0x0000000080000000, 0x0000000100000000)
  region size 1024K, 88 young (90112K), 14 survivors (14336K)
 Metaspace       used 116739K, committed 117504K, reserved 1179648K
  class space    used 15293K, committed 15680K, reserved 1048576K
}
Event: 25.663 GC heap after
{Heap after GC invocations=50 (full 0):
 garbage-first heap   total 276480K, used 154344K [0x0000000080000000, 0x0000000100000000)
  region size 1024K, 11 young (11264K), 11 survivors (11264K)
 Metaspace       used 116739K, committed 117504K, reserved 1179648K
  class space    used 15293K, committed 15680K, reserved 1048576K
}
Event: 25.844 GC heap before
{Heap before GC invocations=50 (full 0):
 garbage-first heap   total 276480K, used 220904K [0x0000000080000000, 0x0000000100000000)
  region size 1024K, 76 young (77824K), 11 survivors (11264K)
 Metaspace       used 117607K, committed 118336K, reserved 1179648K
  class space    used 15425K, committed 15808K, reserved 1048576K
}
Event: 25.870 GC heap after
{Heap after GC invocations=51 (full 0):
 garbage-first heap   total 276480K, used 166106K [0x0000000080000000, 0x0000000100000000)
  region size 1024K, 10 young (10240K), 10 survivors (10240K)
 Metaspace       used 117607K, committed 118336K, reserved 1179648K
  class space    used 15425K, committed 15808K, reserved 1048576K
}
Event: 25.985 GC heap before
{Heap before GC invocations=51 (full 0):
 garbage-first heap   total 276480K, used 223450K [0x0000000080000000, 0x0000000100000000)
  region size 1024K, 66 young (67584K), 10 survivors (10240K)
 Metaspace       used 118751K, committed 119488K, reserved 1179648K
  class space    used 15644K, committed 16000K, reserved 1048576K
}

