# JRE version: OpenJDK Runtime Environment (17.0.11) (build 17.0.11+0--11852314)
# Java VM: OpenJDK 64-Bit Server VM (17.0.11+0--11852314, mixed mode, tiered, compressed oops, compressed class ptrs, g1 gc, windows-amd64)
GC Precious Log:
 CPUs: 8 total, 8 available
 Memory: 16157M
 Large Page Support: Disabled
 NUMA Support: Disabled
 Compressed Oops: Enabled (32-bit)
 Heap Region Size: 1M
 Heap Min Capacity: 8M
 Heap Initial Capacity: 254M
 Heap Max Capacity: 2G
 Pre-touch: Disabled
 Parallel Workers: 8
 Concurrent Workers: 2
 Concurrent Refinement Workers: 8
 Periodic GC: Disabled
Heap:
 garbage-first heap   total 260096K, used 145771K [0x0000000080000000, 0x0000000100000000)
  region size 1024K, 9 young (9216K), 9 survivors (9216K)
 Metaspace       used 100420K, committed 101056K, reserved 1179648K
  class space    used 13605K, committed 13888K, reserved 1048576K
GC Heap History (20 events):
Event: 5.438 GC heap after
{Heap after GC invocations=24 (full 0):
 garbage-first heap   total 139264K, used 62015K [0x0000000080000000, 0x0000000100000000)
  region size 1024K, 4 young (4096K), 4 survivors (4096K)
 Metaspace       used 68926K, committed 69376K, reserved 1114112K
  class space    used 8904K, committed 9088K, reserved 1048576K
}
Event: 5.833 GC heap before
{Heap before GC invocations=24 (full 0):
 garbage-first heap   total 139264K, used 107071K [0x0000000080000000, 0x0000000100000000)
  region size 1024K, 48 young (49152K), 4 survivors (4096K)
 Metaspace       used 73801K, committed 74304K, reserved 1114112K
  class space    used 9733K, committed 9920K, reserved 1048576K
}
Event: 5.838 GC heap after
{Heap after GC invocations=25 (full 0):
 garbage-first heap   total 139264K, used 65520K [0x0000000080000000, 0x0000000100000000)
  region size 1024K, 4 young (4096K), 4 survivors (4096K)
 Metaspace       used 73801K, committed 74304K, reserved 1114112K
  class space    used 9733K, committed 9920K, reserved 1048576K
}
Event: 6.298 GC heap before
{Heap before GC invocations=25 (full 0):
 garbage-first heap   total 139264K, used 108528K [0x0000000080000000, 0x0000000100000000)
  region size 1024K, 46 young (47104K), 4 survivors (4096K)
 Metaspace       used 78094K, committed 78592K, reserved 1179648K
  class space    used 10366K, committed 10624K, reserved 1048576K
}
Event: 6.301 GC heap after
{Heap after GC invocations=26 (full 0):
 garbage-first heap   total 139264K, used 68688K [0x0000000080000000, 0x0000000100000000)
  region size 1024K, 4 young (4096K), 4 survivors (4096K)
 Metaspace       used 78094K, committed 78592K, reserved 1179648K
  class space    used 10366K, committed 10624K, reserved 1048576K
}
Event: 6.764 GC heap before
{Heap before GC invocations=26 (full 0):
 garbage-first heap   total 139264K, used 110672K [0x0000000080000000, 0x0000000100000000)
  region size 1024K, 45 young (46080K), 4 survivors (4096K)
 Metaspace       used 83236K, committed 83776K, reserved 1179648K
  class space    used 11081K, committed 11328K, reserved 1048576K
}
Event: 6.769 GC heap after
{Heap after GC invocations=27 (full 0):
 garbage-first heap   total 139264K, used 71680K [0x0000000080000000, 0x0000000100000000)
  region size 1024K, 6 young (6144K), 6 survivors (6144K)
 Metaspace       used 83236K, committed 83776K, reserved 1179648K
  class space    used 11081K, committed 11328K, reserved 1048576K
}
Event: 7.233 GC heap before
{Heap before GC invocations=28 (full 0):
 garbage-first heap   total 139264K, used 111616K [0x0000000080000000, 0x0000000100000000)
  region size 1024K, 46 young (47104K), 6 survivors (6144K)
 Metaspace       used 87125K, committed 87744K, reserved 1179648K
  class space    used 11648K, committed 11904K, reserved 1048576K
}
Event: 7.239 GC heap after
{Heap after GC invocations=29 (full 0):
 garbage-first heap   total 139264K, used 77222K [0x0000000080000000, 0x0000000100000000)
  region size 1024K, 6 young (6144K), 6 survivors (6144K)
 Metaspace       used 87125K, committed 87744K, reserved 1179648K
  class space    used 11648K, committed 11904K, reserved 1048576K
}
Event: 7.246 GC heap before
{Heap before GC invocations=29 (full 0):
 garbage-first heap   total 139264K, used 78246K [0x0000000080000000, 0x0000000100000000)
  region size 1024K, 7 young (7168K), 6 survivors (6144K)
 Metaspace       used 87168K, committed 87744K, reserved 1179648K
  class space    used 11660K, committed 11904K, reserved 1048576K
}
Event: 7.251 GC heap after
{Heap after GC invocations=30 (full 0):
 garbage-first heap   total 244736K, used 77702K [0x0000000080000000, 0x0000000100000000)
  region size 1024K, 1 young (1024K), 1 survivors (1024K)
 Metaspace       used 87168K, committed 87744K, reserved 1179648K
  class space    used 11660K, committed 11904K, reserved 1048576K
}
Event: 8.246 GC heap before
{Heap before GC invocations=30 (full 0):
 garbage-first heap   total 244736K, used 190342K [0x0000000080000000, 0x0000000100000000)
  region size 1024K, 112 young (114688K), 1 survivors (1024K)
 Metaspace       used 89789K, committed 90304K, reserved 1179648K
  class space    used 11983K, committed 12224K, reserved 1048576K
}
Event: 8.255 GC heap after
{Heap after GC invocations=31 (full 0):
 garbage-first heap   total 244736K, used 84824K [0x0000000080000000, 0x0000000100000000)
  region size 1024K, 8 young (8192K), 8 survivors (8192K)
 Metaspace       used 89789K, committed 90304K, reserved 1179648K
  class space    used 11983K, committed 12224K, reserved 1048576K
}
Event: 8.543 GC heap before
{Heap before GC invocations=31 (full 0):
 garbage-first heap   total 244736K, used 189272K [0x0000000080000000, 0x0000000100000000)
  region size 1024K, 109 young (111616K), 8 survivors (8192K)
 Metaspace       used 94478K, committed 95040K, reserved 1179648K
  class space    used 12666K, committed 12928K, reserved 1048576K
}
Event: 8.554 GC heap after
{Heap after GC invocations=32 (full 0):
 garbage-first heap   total 244736K, used 106689K [0x0000000080000000, 0x0000000100000000)
  region size 1024K, 14 young (14336K), 14 survivors (14336K)
 Metaspace       used 94478K, committed 95040K, reserved 1179648K
  class space    used 12666K, committed 12928K, reserved 1048576K
}
Event: 8.816 GC heap before
{Heap before GC invocations=32 (full 0):
 garbage-first heap   total 244736K, used 183489K [0x0000000080000000, 0x0000000100000000)
  region size 1024K, 90 young (92160K), 14 survivors (14336K)
 Metaspace       used 97789K, committed 98368K, reserved 1179648K
  class space    used 13175K, committed 13440K, reserved 1048576K
}
Event: 8.832 GC heap after
{Heap after GC invocations=33 (full 0):
 garbage-first heap   total 244736K, used 119694K [0x0000000080000000, 0x0000000100000000)
  region size 1024K, 12 young (12288K), 12 survivors (12288K)
 Metaspace       used 97789K, committed 98368K, reserved 1179648K
  class space    used 13175K, committed 13440K, reserved 1048576K
}
Event: 8.999 GC heap before
{Heap before GC invocations=33 (full 0):
 garbage-first heap   total 244736K, used 187278K [0x0000000080000000, 0x0000000100000000)
  region size 1024K, 79 young (80896K), 12 survivors (12288K)
 Metaspace       used 99575K, committed 100160K, reserved 1179648K
  class space    used 13443K, committed 13696K, reserved 1048576K
}
Event: 9.017 GC heap after
{Heap after GC invocations=34 (full 0):
 garbage-first heap   total 244736K, used 134045K [0x0000000080000000, 0x0000000100000000)
  region size 1024K, 10 young (10240K), 10 survivors (10240K)
 Metaspace       used 99575K, committed 100160K, reserved 1179648K
  class space    used 13443K, committed 13696K, reserved 1048576K
}
Event: 9.103 GC heap before
{Heap before GC invocations=34 (full 0):
 garbage-first heap   total 244736K, used 192413K [0x0000000080000000, 0x0000000100000000)
  region size 1024K, 67 young (68608K), 10 survivors (10240K)
 Metaspace       used 100420K, committed 101056K, reserved 1179648K
  class space    used 13605K, committed 13888K, reserved 1048576K
}

