# JRE version: OpenJDK Runtime Environment (17.0.11) (build 17.0.11+0--11852314)
# Java VM: OpenJDK 64-Bit Server VM (17.0.11+0--11852314, mixed mode, tiered, compressed oops, compressed class ptrs, g1 gc, windows-amd64)
GC Precious Log:
 CPUs: 8 total, 8 available
 Memory: 16157M
 Large Page Support: Disabled
 NUMA Support: Disabled
 Compressed Oops: Enabled (32-bit)
 Heap Region Size: 1M
 Heap Min Capacity: 8M
 Heap Initial Capacity: 254M
 Heap Max Capacity: 2G
 Pre-touch: Disabled
 Parallel Workers: 8
 Concurrent Workers: 2
 Concurrent Refinement Workers: 8
 Periodic GC: Disabled
Heap:
 garbage-first heap   total 401408K, used 195911K [0x0000000080000000, 0x0000000100000000)
  region size 1024K, 73 young (74752K), 2 survivors (2048K)
 Metaspace       used 99443K, committed 100032K, reserved 1179648K
  class space    used 13407K, committed 13696K, reserved 1048576K
GC Heap History (20 events):
Event: 5.162 GC heap before
{Heap before GC invocations=18 (full 0):
 garbage-first heap   total 98304K, used 77263K [0x0000000080000000, 0x0000000100000000)
  region size 1024K, 25 young (25600K), 4 survivors (4096K)
 Metaspace       used 64605K, committed 65088K, reserved 1114112K
  class space    used 8360K, committed 8576K, reserved 1048576K
}
Event: 5.166 GC heap after
{Heap after GC invocations=19 (full 0):
 garbage-first heap   total 196608K, used 57317K [0x0000000080000000, 0x0000000100000000)
  region size 1024K, 2 young (2048K), 2 survivors (2048K)
 Metaspace       used 64605K, committed 65088K, reserved 1114112K
  class space    used 8360K, committed 8576K, reserved 1048576K
}
Event: 5.976 GC heap before
{Heap before GC invocations=20 (full 0):
 garbage-first heap   total 196608K, used 150501K [0x0000000080000000, 0x0000000100000000)
  region size 1024K, 92 young (94208K), 2 survivors (2048K)
 Metaspace       used 71872K, committed 72320K, reserved 1114112K
  class space    used 9335K, committed 9536K, reserved 1048576K
}
Event: 5.982 GC heap after
{Heap after GC invocations=21 (full 0):
 garbage-first heap   total 196608K, used 63950K [0x0000000080000000, 0x0000000100000000)
  region size 1024K, 9 young (9216K), 9 survivors (9216K)
 Metaspace       used 71872K, committed 72320K, reserved 1114112K
  class space    used 9335K, committed 9536K, reserved 1048576K
}
Event: 6.929 GC heap before
{Heap before GC invocations=21 (full 0):
 garbage-first heap   total 196608K, used 147918K [0x0000000080000000, 0x0000000100000000)
  region size 1024K, 91 young (93184K), 9 survivors (9216K)
 Metaspace       used 82102K, committed 82624K, reserved 1179648K
  class space    used 10947K, committed 11136K, reserved 1048576K
}
Event: 6.938 GC heap after
{Heap after GC invocations=22 (full 0):
 garbage-first heap   total 196608K, used 70085K [0x0000000080000000, 0x0000000100000000)
  region size 1024K, 7 young (7168K), 7 survivors (7168K)
 Metaspace       used 82102K, committed 82624K, reserved 1179648K
  class space    used 10947K, committed 11136K, reserved 1048576K
}
Event: 7.828 GC heap before
{Heap before GC invocations=22 (full 0):
 garbage-first heap   total 196608K, used 149957K [0x0000000080000000, 0x0000000100000000)
  region size 1024K, 86 young (88064K), 7 survivors (7168K)
 Metaspace       used 87473K, committed 88064K, reserved 1179648K
  class space    used 11683K, committed 11968K, reserved 1048576K
}
Event: 7.837 GC heap after
{Heap after GC invocations=23 (full 0):
 garbage-first heap   total 196608K, used 77824K [0x0000000080000000, 0x0000000100000000)
  region size 1024K, 11 young (11264K), 11 survivors (11264K)
 Metaspace       used 87473K, committed 88064K, reserved 1179648K
  class space    used 11683K, committed 11968K, reserved 1048576K
}
Event: 8.588 GC heap before
{Heap before GC invocations=23 (full 0):
 garbage-first heap   total 196608K, used 152576K [0x0000000080000000, 0x0000000100000000)
  region size 1024K, 85 young (87040K), 11 survivors (11264K)
 Metaspace       used 89299K, committed 89920K, reserved 1179648K
  class space    used 11898K, committed 12160K, reserved 1048576K
}
Event: 8.600 GC heap after
{Heap after GC invocations=24 (full 0):
 garbage-first heap   total 196608K, used 84429K [0x0000000080000000, 0x0000000100000000)
  region size 1024K, 7 young (7168K), 7 survivors (7168K)
 Metaspace       used 89299K, committed 89920K, reserved 1179648K
  class space    used 11898K, committed 12160K, reserved 1048576K
}
Event: 8.902 GC heap before
{Heap before GC invocations=24 (full 0):
 garbage-first heap   total 196608K, used 157133K [0x0000000080000000, 0x0000000100000000)
  region size 1024K, 77 young (78848K), 7 survivors (7168K)
 Metaspace       used 92206K, committed 92800K, reserved 1179648K
  class space    used 12322K, committed 12608K, reserved 1048576K
}
Event: 8.911 GC heap after
{Heap after GC invocations=25 (full 0):
 garbage-first heap   total 196608K, used 97950K [0x0000000080000000, 0x0000000100000000)
  region size 1024K, 10 young (10240K), 10 survivors (10240K)
 Metaspace       used 92206K, committed 92800K, reserved 1179648K
  class space    used 12322K, committed 12608K, reserved 1048576K
}
Event: 9.117 GC heap before
{Heap before GC invocations=25 (full 0):
 garbage-first heap   total 196608K, used 152222K [0x0000000080000000, 0x0000000100000000)
  region size 1024K, 64 young (65536K), 10 survivors (10240K)
 Metaspace       used 95774K, committed 96384K, reserved 1179648K
  class space    used 12846K, committed 13120K, reserved 1048576K
}
Event: 9.126 GC heap after
{Heap after GC invocations=26 (full 0):
 garbage-first heap   total 196608K, used 105874K [0x0000000080000000, 0x0000000100000000)
  region size 1024K, 8 young (8192K), 8 survivors (8192K)
 Metaspace       used 95774K, committed 96384K, reserved 1179648K
  class space    used 12846K, committed 13120K, reserved 1048576K
}
Event: 9.346 GC heap before
{Heap before GC invocations=26 (full 0):
 garbage-first heap   total 196608K, used 152978K [0x0000000080000000, 0x0000000100000000)
  region size 1024K, 55 young (56320K), 8 survivors (8192K)
 Metaspace       used 97606K, committed 98176K, reserved 1179648K
  class space    used 13123K, committed 13376K, reserved 1048576K
}
Event: 9.360 GC heap after
{Heap after GC invocations=27 (full 0):
 garbage-first heap   total 196608K, used 114688K [0x0000000080000000, 0x0000000100000000)
  region size 1024K, 7 young (7168K), 7 survivors (7168K)
 Metaspace       used 97606K, committed 98176K, reserved 1179648K
  class space    used 13123K, committed 13376K, reserved 1048576K
}
Event: 9.544 GC heap before
{Heap before GC invocations=28 (full 0):
 garbage-first heap   total 220160K, used 155648K [0x0000000080000000, 0x0000000100000000)
  region size 1024K, 47 young (48128K), 7 survivors (7168K)
 Metaspace       used 98106K, committed 98688K, reserved 1179648K
  class space    used 13180K, committed 13440K, reserved 1048576K
}
Event: 9.556 GC heap after
{Heap after GC invocations=29 (full 0):
 garbage-first heap   total 220160K, used 123086K [0x0000000080000000, 0x0000000100000000)
  region size 1024K, 6 young (6144K), 6 survivors (6144K)
 Metaspace       used 98106K, committed 98688K, reserved 1179648K
  class space    used 13180K, committed 13440K, reserved 1048576K
}
Event: 9.565 GC heap before
{Heap before GC invocations=29 (full 0):
 garbage-first heap   total 220160K, used 127182K [0x0000000080000000, 0x0000000100000000)
  region size 1024K, 10 young (10240K), 6 survivors (6144K)
 Metaspace       used 98160K, committed 98752K, reserved 1179648K
  class space    used 13185K, committed 13440K, reserved 1048576K
}
Event: 9.575 GC heap after
{Heap after GC invocations=30 (full 0):
 garbage-first heap   total 401408K, used 124231K [0x0000000080000000, 0x0000000100000000)
  region size 1024K, 2 young (2048K), 2 survivors (2048K)
 Metaspace       used 98160K, committed 98752K, reserved 1179648K
  class space    used 13185K, committed 13440K, reserved 1048576K
}

