# JRE version: OpenJDK Runtime Environment (17.0.11) (build 17.0.11+0--11852314)
# Java VM: OpenJDK 64-Bit Server VM (17.0.11+0--11852314, mixed mode, tiered, compressed oops, compressed class ptrs, g1 gc, windows-amd64)
GC Precious Log:
 CPUs: 8 total, 8 available
 Memory: 16157M
 Large Page Support: Disabled
 NUMA Support: Disabled
 Compressed Oops: Enabled (32-bit)
 Heap Region Size: 1M
 Heap Min Capacity: 8M
 Heap Initial Capacity: 254M
 Heap Max Capacity: 2G
 Pre-touch: Disabled
 Parallel Workers: 8
 Concurrent Workers: 2
 Concurrent Refinement Workers: 8
 Periodic GC: Disabled
Heap:
 garbage-first heap   total 313344K, used 113734K [0x0000000080000000, 0x0000000100000000)
  region size 1024K, 33 young (33792K), 9 survivors (9216K)
 Metaspace       used 70737K, committed 71360K, reserved 1114112K
  class space    used 9257K, committed 9536K, reserved 1048576K
GC Heap History (20 events):
Event: 23.419 GC heap before
{Heap before GC invocations=70 (full 0):
 garbage-first heap   total 313344K, used 264425K [0x0000000080000000, 0x0000000100000000)
  region size 1024K, 183 young (187392K), 2 survivors (2048K)
 Metaspace       used 61245K, committed 61760K, reserved 1114112K
  class space    used 8053K, committed 8320K, reserved 1048576K
}
Event: 23.421 GC heap after
{Heap after GC invocations=71 (full 0):
 garbage-first heap   total 313344K, used 80787K [0x0000000080000000, 0x0000000100000000)
  region size 1024K, 3 young (3072K), 3 survivors (3072K)
 Metaspace       used 61245K, committed 61760K, reserved 1114112K
  class space    used 8053K, committed 8320K, reserved 1048576K
}
Event: 23.813 GC heap before
{Heap before GC invocations=71 (full 0):
 garbage-first heap   total 313344K, used 264083K [0x0000000080000000, 0x0000000100000000)
  region size 1024K, 183 young (187392K), 3 survivors (3072K)
 Metaspace       used 61246K, committed 61760K, reserved 1114112K
  class space    used 8053K, committed 8320K, reserved 1048576K
}
Event: 23.816 GC heap after
{Heap after GC invocations=72 (full 0):
 garbage-first heap   total 313344K, used 80759K [0x0000000080000000, 0x0000000100000000)
  region size 1024K, 3 young (3072K), 3 survivors (3072K)
 Metaspace       used 61246K, committed 61760K, reserved 1114112K
  class space    used 8053K, committed 8320K, reserved 1048576K
}
Event: 24.194 GC heap before
{Heap before GC invocations=72 (full 0):
 garbage-first heap   total 313344K, used 265079K [0x0000000080000000, 0x0000000100000000)
  region size 1024K, 183 young (187392K), 3 survivors (3072K)
 Metaspace       used 61246K, committed 61760K, reserved 1114112K
  class space    used 8053K, committed 8320K, reserved 1048576K
}
Event: 24.196 GC heap after
{Heap after GC invocations=73 (full 0):
 garbage-first heap   total 313344K, used 81596K [0x0000000080000000, 0x0000000100000000)
  region size 1024K, 4 young (4096K), 4 survivors (4096K)
 Metaspace       used 61246K, committed 61760K, reserved 1114112K
  class space    used 8053K, committed 8320K, reserved 1048576K
}
Event: 24.570 GC heap before
{Heap before GC invocations=73 (full 0):
 garbage-first heap   total 313344K, used 264892K [0x0000000080000000, 0x0000000100000000)
  region size 1024K, 183 young (187392K), 4 survivors (4096K)
 Metaspace       used 61248K, committed 61760K, reserved 1114112K
  class space    used 8053K, committed 8320K, reserved 1048576K
}
Event: 24.573 GC heap after
{Heap after GC invocations=74 (full 0):
 garbage-first heap   total 313344K, used 82486K [0x0000000080000000, 0x0000000100000000)
  region size 1024K, 5 young (5120K), 5 survivors (5120K)
 Metaspace       used 61248K, committed 61760K, reserved 1114112K
  class space    used 8053K, committed 8320K, reserved 1048576K
}
Event: 24.969 GC heap before
{Heap before GC invocations=74 (full 0):
 garbage-first heap   total 313344K, used 264758K [0x0000000080000000, 0x0000000100000000)
  region size 1024K, 183 young (187392K), 5 survivors (5120K)
 Metaspace       used 61248K, committed 61760K, reserved 1114112K
  class space    used 8053K, committed 8320K, reserved 1048576K
}
Event: 24.972 GC heap after
{Heap after GC invocations=75 (full 0):
 garbage-first heap   total 313344K, used 83590K [0x0000000080000000, 0x0000000100000000)
  region size 1024K, 6 young (6144K), 6 survivors (6144K)
 Metaspace       used 61248K, committed 61760K, reserved 1114112K
  class space    used 8053K, committed 8320K, reserved 1048576K
}
Event: 25.308 GC heap before
{Heap before GC invocations=75 (full 0):
 garbage-first heap   total 313344K, used 264838K [0x0000000080000000, 0x0000000100000000)
  region size 1024K, 183 young (187392K), 6 survivors (6144K)
 Metaspace       used 61248K, committed 61760K, reserved 1114112K
  class space    used 8053K, committed 8320K, reserved 1048576K
}
Event: 25.312 GC heap after
{Heap after GC invocations=76 (full 0):
 garbage-first heap   total 313344K, used 84721K [0x0000000080000000, 0x0000000100000000)
  region size 1024K, 7 young (7168K), 7 survivors (7168K)
 Metaspace       used 61248K, committed 61760K, reserved 1114112K
  class space    used 8053K, committed 8320K, reserved 1048576K
}
Event: 25.630 GC heap before
{Heap before GC invocations=76 (full 0):
 garbage-first heap   total 313344K, used 264945K [0x0000000080000000, 0x0000000100000000)
  region size 1024K, 183 young (187392K), 7 survivors (7168K)
 Metaspace       used 61249K, committed 61760K, reserved 1114112K
  class space    used 8053K, committed 8320K, reserved 1048576K
}
Event: 25.635 GC heap after
{Heap after GC invocations=77 (full 0):
 garbage-first heap   total 313344K, used 85580K [0x0000000080000000, 0x0000000100000000)
  region size 1024K, 8 young (8192K), 8 survivors (8192K)
 Metaspace       used 61249K, committed 61760K, reserved 1114112K
  class space    used 8053K, committed 8320K, reserved 1048576K
}
Event: 25.957 GC heap before
{Heap before GC invocations=77 (full 0):
 garbage-first heap   total 313344K, used 264780K [0x0000000080000000, 0x0000000100000000)
  region size 1024K, 183 young (187392K), 8 survivors (8192K)
 Metaspace       used 61249K, committed 61760K, reserved 1114112K
  class space    used 8053K, committed 8320K, reserved 1048576K
}
Event: 25.962 GC heap after
{Heap after GC invocations=78 (full 0):
 garbage-first heap   total 313344K, used 86357K [0x0000000080000000, 0x0000000100000000)
  region size 1024K, 8 young (8192K), 8 survivors (8192K)
 Metaspace       used 61249K, committed 61760K, reserved 1114112K
  class space    used 8053K, committed 8320K, reserved 1048576K
}
Event: 26.342 GC heap before
{Heap before GC invocations=78 (full 0):
 garbage-first heap   total 313344K, used 265557K [0x0000000080000000, 0x0000000100000000)
  region size 1024K, 183 young (187392K), 8 survivors (8192K)
 Metaspace       used 61249K, committed 61760K, reserved 1114112K
  class space    used 8053K, committed 8320K, reserved 1048576K
}
Event: 26.347 GC heap after
{Heap after GC invocations=79 (full 0):
 garbage-first heap   total 313344K, used 87394K [0x0000000080000000, 0x0000000100000000)
  region size 1024K, 9 young (9216K), 9 survivors (9216K)
 Metaspace       used 61249K, committed 61760K, reserved 1114112K
  class space    used 8053K, committed 8320K, reserved 1048576K
}
Event: 28.145 GC heap before
{Heap before GC invocations=79 (full 0):
 garbage-first heap   total 313344K, used 271714K [0x0000000080000000, 0x0000000100000000)
  region size 1024K, 183 young (187392K), 9 survivors (9216K)
 Metaspace       used 66329K, committed 66880K, reserved 1114112K
  class space    used 8704K, committed 8960K, reserved 1048576K
}
Event: 28.149 GC heap after
{Heap after GC invocations=80 (full 0):
 garbage-first heap   total 313344K, used 90182K [0x0000000080000000, 0x0000000100000000)
  region size 1024K, 9 young (9216K), 9 survivors (9216K)
 Metaspace       used 66329K, committed 66880K, reserved 1114112K
  class space    used 8704K, committed 8960K, reserved 1048576K
}

