# JRE version: OpenJDK Runtime Environment (17.0.11) (build 17.0.11+0--11852314)
# Java VM: OpenJDK 64-Bit Server VM (17.0.11+0--11852314, mixed mode, tiered, compressed oops, compressed class ptrs, g1 gc, windows-amd64)
GC Precious Log:
 CPUs: 8 total, 8 available
 Memory: 16157M
 Large Page Support: Disabled
 NUMA Support: Disabled
 Compressed Oops: Enabled (32-bit)
 Heap Region Size: 1M
 Heap Min Capacity: 8M
 Heap Initial Capacity: 254M
 Heap Max Capacity: 2G
 Pre-touch: Disabled
 Parallel Workers: 8
 Concurrent Workers: 2
 Concurrent Refinement Workers: 8
 Periodic GC: Disabled
Heap:
 garbage-first heap   total 280576K, used 144670K [0x0000000080000000, 0x0000000100000000)
  region size 1024K, 1 young (1024K), 1 survivors (1024K)
 Metaspace       used 109899K, committed 110592K, reserved 1179648K
  class space    used 15183K, committed 15488K, reserved 1048576K
GC Heap History (20 events):
Event: 9.189 GC heap after
{Heap after GC invocations=38 (full 0):
 garbage-first heap   total 150528K, used 81756K [0x0000000080000000, 0x0000000100000000)
  region size 1024K, 6 young (6144K), 6 survivors (6144K)
 Metaspace       used 90001K, committed 90560K, reserved 1179648K
  class space    used 12123K, committed 12352K, reserved 1048576K
}
Event: 9.638 GC heap before
{Heap before GC invocations=39 (full 0):
 garbage-first heap   total 155648K, used 121692K [0x0000000080000000, 0x0000000100000000)
  region size 1024K, 46 young (47104K), 6 survivors (6144K)
 Metaspace       used 91560K, committed 92224K, reserved 1179648K
  class space    used 12331K, committed 12608K, reserved 1048576K
}
Event: 9.645 GC heap after
{Heap after GC invocations=40 (full 0):
 garbage-first heap   total 155648K, used 84395K [0x0000000080000000, 0x0000000100000000)
  region size 1024K, 3 young (3072K), 3 survivors (3072K)
 Metaspace       used 91560K, committed 92224K, reserved 1179648K
  class space    used 12331K, committed 12608K, reserved 1048576K
}
Event: 9.907 GC heap before
{Heap before GC invocations=40 (full 0):
 garbage-first heap   total 155648K, used 126379K [0x0000000080000000, 0x0000000100000000)
  region size 1024K, 45 young (46080K), 3 survivors (3072K)
 Metaspace       used 93688K, committed 94400K, reserved 1179648K
  class space    used 12648K, committed 12992K, reserved 1048576K
}
Event: 9.913 GC heap after
{Heap after GC invocations=41 (full 0):
 garbage-first heap   total 155648K, used 91059K [0x0000000080000000, 0x0000000100000000)
  region size 1024K, 6 young (6144K), 6 survivors (6144K)
 Metaspace       used 93688K, committed 94400K, reserved 1179648K
  class space    used 12648K, committed 12992K, reserved 1048576K
}
Event: 10.038 GC heap before
{Heap before GC invocations=41 (full 0):
 garbage-first heap   total 211968K, used 125875K [0x0000000080000000, 0x0000000100000000)
  region size 1024K, 41 young (41984K), 6 survivors (6144K)
 Metaspace       used 95250K, committed 95936K, reserved 1179648K
  class space    used 12865K, committed 13184K, reserved 1048576K
}
Event: 10.043 GC heap after
{Heap after GC invocations=42 (full 0):
 garbage-first heap   total 211968K, used 98229K [0x0000000080000000, 0x0000000100000000)
  region size 1024K, 6 young (6144K), 6 survivors (6144K)
 Metaspace       used 95250K, committed 95936K, reserved 1179648K
  class space    used 12865K, committed 13184K, reserved 1048576K
}
Event: 10.516 GC heap before
{Heap before GC invocations=43 (full 0):
 garbage-first heap   total 211968K, used 167861K [0x0000000080000000, 0x0000000100000000)
  region size 1024K, 75 young (76800K), 6 survivors (6144K)
 Metaspace       used 100614K, committed 101248K, reserved 1179648K
  class space    used 13678K, committed 14016K, reserved 1048576K
}
Event: 10.533 GC heap after
{Heap after GC invocations=44 (full 0):
 garbage-first heap   total 211968K, used 107288K [0x0000000080000000, 0x0000000100000000)
  region size 1024K, 10 young (10240K), 10 survivors (10240K)
 Metaspace       used 100614K, committed 101248K, reserved 1179648K
  class space    used 13678K, committed 14016K, reserved 1048576K
}
Event: 10.540 GC heap before
{Heap before GC invocations=44 (full 0):
 garbage-first heap   total 211968K, used 108312K [0x0000000080000000, 0x0000000100000000)
  region size 1024K, 11 young (11264K), 10 survivors (10240K)
 Metaspace       used 100656K, committed 101312K, reserved 1179648K
  class space    used 13690K, committed 14016K, reserved 1048576K
}
Event: 10.551 GC heap after
{Heap after GC invocations=45 (full 0):
 garbage-first heap   total 274432K, used 108308K [0x0000000080000000, 0x0000000100000000)
  region size 1024K, 2 young (2048K), 2 survivors (2048K)
 Metaspace       used 100656K, committed 101312K, reserved 1179648K
  class space    used 13690K, committed 14016K, reserved 1048576K
}
Event: 10.955 GC heap before
{Heap before GC invocations=45 (full 0):
 garbage-first heap   total 274432K, used 207636K [0x0000000080000000, 0x0000000100000000)
  region size 1024K, 99 young (101376K), 2 survivors (2048K)
 Metaspace       used 103062K, committed 103680K, reserved 1179648K
  class space    used 14032K, committed 14336K, reserved 1048576K
}
Event: 10.973 GC heap after
{Heap after GC invocations=46 (full 0):
 garbage-first heap   total 274432K, used 124807K [0x0000000080000000, 0x0000000100000000)
  region size 1024K, 13 young (13312K), 13 survivors (13312K)
 Metaspace       used 103062K, committed 103680K, reserved 1179648K
  class space    used 14032K, committed 14336K, reserved 1048576K
}
Event: 11.152 GC heap before
{Heap before GC invocations=46 (full 0):
 garbage-first heap   total 274432K, used 205703K [0x0000000080000000, 0x0000000100000000)
  region size 1024K, 92 young (94208K), 13 survivors (13312K)
 Metaspace       used 104782K, committed 105408K, reserved 1179648K
  class space    used 14351K, committed 14656K, reserved 1048576K
}
Event: 11.174 GC heap after
{Heap after GC invocations=47 (full 0):
 garbage-first heap   total 274432K, used 137991K [0x0000000080000000, 0x0000000100000000)
  region size 1024K, 12 young (12288K), 12 survivors (12288K)
 Metaspace       used 104782K, committed 105408K, reserved 1179648K
  class space    used 14351K, committed 14656K, reserved 1048576K
}
Event: 11.792 GC heap before
{Heap before GC invocations=47 (full 0):
 garbage-first heap   total 274432K, used 212743K [0x0000000080000000, 0x0000000100000000)
  region size 1024K, 85 young (87040K), 12 survivors (12288K)
 Metaspace       used 108278K, committed 108928K, reserved 1179648K
  class space    used 14937K, committed 15232K, reserved 1048576K
}
Event: 11.808 GC heap after
{Heap after GC invocations=48 (full 0):
 garbage-first heap   total 274432K, used 144041K [0x0000000080000000, 0x0000000100000000)
  region size 1024K, 6 young (6144K), 6 survivors (6144K)
 Metaspace       used 108278K, committed 108928K, reserved 1179648K
  class space    used 14937K, committed 15232K, reserved 1048576K
}
Event: 12.412 GC heap before
{Heap before GC invocations=49 (full 0):
 garbage-first heap   total 280576K, used 217769K [0x0000000080000000, 0x0000000100000000)
  region size 1024K, 79 young (80896K), 6 survivors (6144K)
 Metaspace       used 109710K, committed 110400K, reserved 1179648K
  class space    used 15163K, committed 15488K, reserved 1048576K
}
Event: 12.420 GC heap after
{Heap after GC invocations=50 (full 0):
 garbage-first heap   total 280576K, used 145766K [0x0000000080000000, 0x0000000100000000)
  region size 1024K, 2 young (2048K), 2 survivors (2048K)
 Metaspace       used 109710K, committed 110400K, reserved 1179648K
  class space    used 15163K, committed 15488K, reserved 1048576K
}
Event: 12.505 GC heap before
{Heap before GC invocations=50 (full 0):
 garbage-first heap   total 280576K, used 157030K [0x0000000080000000, 0x0000000100000000)
  region size 1024K, 13 young (13312K), 2 survivors (2048K)
 Metaspace       used 109899K, committed 110592K, reserved 1179648K
  class space    used 15183K, committed 15488K, reserved 1048576K
}

