# JRE version: OpenJDK Runtime Environment (17.0.11) (build 17.0.11+0--11852314)
# Java VM: OpenJDK 64-Bit Server VM (17.0.11+0--11852314, mixed mode, tiered, compressed oops, compressed class ptrs, g1 gc, windows-amd64)
GC Precious Log:
 CPUs: 8 total, 8 available
 Memory: 16157M
 Large Page Support: Disabled
 NUMA Support: Disabled
 Compressed Oops: Enabled (32-bit)
 Heap Region Size: 1M
 Heap Min Capacity: 8M
 Heap Initial Capacity: 254M
 Heap Max Capacity: 2G
 Pre-touch: Disabled
 Parallel Workers: 8
 Concurrent Workers: 2
 Concurrent Refinement Workers: 8
 Periodic GC: Disabled
Heap:
 garbage-first heap   total 260096K, used 131072K [0x0000000080000000, 0x0000000100000000)
  region size 1024K, 8 young (8192K), 8 survivors (8192K)
 Metaspace       used 99700K, committed 100224K, reserved 1179648K
  class space    used 13449K, committed 13696K, reserved 1048576K
GC Heap History (20 events):
Event: 6.909 GC heap after
{Heap after GC invocations=31 (full 0):
 garbage-first heap   total 121856K, used 70977K [0x0000000080000000, 0x0000000100000000)
  region size 1024K, 5 young (5120K), 5 survivors (5120K)
 Metaspace       used 83344K, committed 83840K, reserved 1179648K
  class space    used 11093K, committed 11328K, reserved 1048576K
}
Event: 7.279 GC heap before
{Heap before GC invocations=32 (full 0):
 garbage-first heap   total 128000K, used 98625K [0x0000000080000000, 0x0000000100000000)
  region size 1024K, 33 young (33792K), 5 survivors (5120K)
 Metaspace       used 86732K, committed 87360K, reserved 1179648K
  class space    used 11560K, committed 11840K, reserved 1048576K
}
Event: 7.286 GC heap after
{Heap after GC invocations=33 (full 0):
 garbage-first heap   total 128000K, used 75110K [0x0000000080000000, 0x0000000100000000)
  region size 1024K, 5 young (5120K), 5 survivors (5120K)
 Metaspace       used 86732K, committed 87360K, reserved 1179648K
  class space    used 11560K, committed 11840K, reserved 1048576K
}
Event: 7.311 GC heap before
{Heap before GC invocations=33 (full 0):
 garbage-first heap   total 128000K, used 75110K [0x0000000080000000, 0x0000000100000000)
  region size 1024K, 6 young (6144K), 5 survivors (5120K)
 Metaspace       used 86753K, committed 87360K, reserved 1179648K
  class space    used 11560K, committed 11840K, reserved 1048576K
}
Event: 7.315 GC heap after
{Heap after GC invocations=34 (full 0):
 garbage-first heap   total 128000K, used 76052K [0x0000000080000000, 0x0000000100000000)
  region size 1024K, 1 young (1024K), 1 survivors (1024K)
 Metaspace       used 86753K, committed 87360K, reserved 1179648K
  class space    used 11560K, committed 11840K, reserved 1048576K
}
Event: 7.507 GC heap before
{Heap before GC invocations=34 (full 0):
 garbage-first heap   total 128000K, used 103700K [0x0000000080000000, 0x0000000100000000)
  region size 1024K, 29 young (29696K), 1 survivors (1024K)
 Metaspace       used 87463K, committed 88064K, reserved 1179648K
  class space    used 11692K, committed 11968K, reserved 1048576K
}
Event: 7.510 GC heap after
{Heap after GC invocations=35 (full 0):
 garbage-first heap   total 191488K, used 77634K [0x0000000080000000, 0x0000000100000000)
  region size 1024K, 3 young (3072K), 3 survivors (3072K)
 Metaspace       used 87463K, committed 88064K, reserved 1179648K
  class space    used 11692K, committed 11968K, reserved 1048576K
}
Event: 8.226 GC heap before
{Heap before GC invocations=36 (full 0):
 garbage-first heap   total 191488K, used 146242K [0x0000000080000000, 0x0000000100000000)
  region size 1024K, 71 young (72704K), 3 survivors (3072K)
 Metaspace       used 88843K, committed 89472K, reserved 1179648K
  class space    used 11846K, committed 12096K, reserved 1048576K
}
Event: 8.232 GC heap after
{Heap after GC invocations=37 (full 0):
 garbage-first heap   total 191488K, used 82752K [0x0000000080000000, 0x0000000100000000)
  region size 1024K, 8 young (8192K), 8 survivors (8192K)
 Metaspace       used 88843K, committed 89472K, reserved 1179648K
  class space    used 11846K, committed 12096K, reserved 1048576K
}
Event: 8.648 GC heap before
{Heap before GC invocations=37 (full 0):
 garbage-first heap   total 191488K, used 149312K [0x0000000080000000, 0x0000000100000000)
  region size 1024K, 74 young (75776K), 8 survivors (8192K)
 Metaspace       used 92528K, committed 93120K, reserved 1179648K
  class space    used 12370K, committed 12608K, reserved 1048576K
}
Event: 8.656 GC heap after
{Heap after GC invocations=38 (full 0):
 garbage-first heap   total 191488K, used 92283K [0x0000000080000000, 0x0000000100000000)
  region size 1024K, 10 young (10240K), 10 survivors (10240K)
 Metaspace       used 92528K, committed 93120K, reserved 1179648K
  class space    used 12370K, committed 12608K, reserved 1048576K
}
Event: 8.758 GC heap before
{Heap before GC invocations=38 (full 0):
 garbage-first heap   total 191488K, used 151675K [0x0000000080000000, 0x0000000100000000)
  region size 1024K, 67 young (68608K), 10 survivors (10240K)
 Metaspace       used 94482K, committed 95104K, reserved 1179648K
  class space    used 12648K, committed 12928K, reserved 1048576K
}
Event: 8.765 GC heap after
{Heap after GC invocations=39 (full 0):
 garbage-first heap   total 191488K, used 103822K [0x0000000080000000, 0x0000000100000000)
  region size 1024K, 9 young (9216K), 9 survivors (9216K)
 Metaspace       used 94482K, committed 95104K, reserved 1179648K
  class space    used 12648K, committed 12928K, reserved 1048576K
}
Event: 8.946 GC heap before
{Heap before GC invocations=39 (full 0):
 garbage-first heap   total 191488K, used 148878K [0x0000000080000000, 0x0000000100000000)
  region size 1024K, 54 young (55296K), 9 survivors (9216K)
 Metaspace       used 97042K, committed 97664K, reserved 1179648K
  class space    used 13027K, committed 13312K, reserved 1048576K
}
Event: 8.956 GC heap after
{Heap after GC invocations=40 (full 0):
 garbage-first heap   total 191488K, used 111023K [0x0000000080000000, 0x0000000100000000)
  region size 1024K, 7 young (7168K), 7 survivors (7168K)
 Metaspace       used 97042K, committed 97664K, reserved 1179648K
  class space    used 13027K, committed 13312K, reserved 1048576K
}
Event: 9.149 GC heap before
{Heap before GC invocations=41 (full 0):
 garbage-first heap   total 229376K, used 149935K [0x0000000080000000, 0x0000000100000000)
  region size 1024K, 46 young (47104K), 7 survivors (7168K)
 Metaspace       used 98327K, committed 98944K, reserved 1179648K
  class space    used 13218K, committed 13504K, reserved 1048576K
}
Event: 9.160 GC heap after
{Heap after GC invocations=42 (full 0):
 garbage-first heap   total 229376K, used 118547K [0x0000000080000000, 0x0000000100000000)
  region size 1024K, 6 young (6144K), 6 survivors (6144K)
 Metaspace       used 98327K, committed 98944K, reserved 1179648K
  class space    used 13218K, committed 13504K, reserved 1048576K
}
Event: 9.173 GC heap before
{Heap before GC invocations=42 (full 0):
 garbage-first heap   total 229376K, used 123667K [0x0000000080000000, 0x0000000100000000)
  region size 1024K, 11 young (11264K), 6 survivors (6144K)
 Metaspace       used 98327K, committed 98944K, reserved 1179648K
  class space    used 13218K, committed 13504K, reserved 1048576K
}
Event: 9.180 GC heap after
{Heap after GC invocations=43 (full 0):
 garbage-first heap   total 229376K, used 119701K [0x0000000080000000, 0x0000000100000000)
  region size 1024K, 2 young (2048K), 2 survivors (2048K)
 Metaspace       used 98327K, committed 98944K, reserved 1179648K
  class space    used 13218K, committed 13504K, reserved 1048576K
}
Event: 9.364 GC heap before
{Heap before GC invocations=43 (full 0):
 garbage-first heap   total 229376K, used 177045K [0x0000000080000000, 0x0000000100000000)
  region size 1024K, 59 young (60416K), 2 survivors (2048K)
 Metaspace       used 99700K, committed 100224K, reserved 1179648K
  class space    used 13449K, committed 13696K, reserved 1048576K
}

