# JRE version: OpenJDK Runtime Environment (17.0.11) (build 17.0.11+0--11852314)
# Java VM: OpenJDK 64-Bit Server VM (17.0.11+0--11852314, mixed mode, tiered, compressed oops, compressed class ptrs, g1 gc, windows-amd64)
GC Precious Log:
 CPUs: 8 total, 8 available
 Memory: 16157M
 Large Page Support: Disabled
 NUMA Support: Disabled
 Compressed Oops: Enabled (32-bit)
 Heap Region Size: 1M
 Heap Min Capacity: 8M
 Heap Initial Capacity: 254M
 Heap Max Capacity: 2G
 Pre-touch: Disabled
 Parallel Workers: 8
 Concurrent Workers: 2
 Concurrent Refinement Workers: 8
 Periodic GC: Disabled
Heap:
 garbage-first heap   total 260096K, used 138240K [0x0000000080000000, 0x0000000100000000)
  region size 1024K, 7 young (7168K), 7 survivors (7168K)
 Metaspace       used 103586K, committed 104192K, reserved 1179648K
  class space    used 14196K, committed 14464K, reserved 1048576K
GC Heap History (20 events):
Event: 7.490 GC heap after
{Heap after GC invocations=30 (full 0):
 garbage-first heap   total 141312K, used 77161K [0x0000000080000000, 0x0000000100000000)
  region size 1024K, 6 young (6144K), 6 survivors (6144K)
 Metaspace       used 87370K, committed 87936K, reserved 1179648K
  class space    used 11690K, committed 11968K, reserved 1048576K
}
Event: 7.832 GC heap before
{Heap before GC invocations=30 (full 0):
 garbage-first heap   total 141312K, used 114025K [0x0000000080000000, 0x0000000100000000)
  region size 1024K, 43 young (44032K), 6 survivors (6144K)
 Metaspace       used 87810K, committed 88384K, reserved 1179648K
  class space    used 11728K, committed 12032K, reserved 1048576K
}
Event: 7.838 GC heap after
{Heap after GC invocations=31 (full 0):
 garbage-first heap   total 141312K, used 79808K [0x0000000080000000, 0x0000000100000000)
  region size 1024K, 4 young (4096K), 4 survivors (4096K)
 Metaspace       used 87810K, committed 88384K, reserved 1179648K
  class space    used 11728K, committed 12032K, reserved 1048576K
}
Event: 8.192 GC heap before
{Heap before GC invocations=32 (full 0):
 garbage-first heap   total 142336K, used 115648K [0x0000000080000000, 0x0000000100000000)
  region size 1024K, 40 young (40960K), 4 survivors (4096K)
 Metaspace       used 88704K, committed 89280K, reserved 1179648K
  class space    used 11832K, committed 12096K, reserved 1048576K
}
Event: 8.196 GC heap after
{Heap after GC invocations=33 (full 0):
 garbage-first heap   total 142336K, used 82587K [0x0000000080000000, 0x0000000100000000)
  region size 1024K, 4 young (4096K), 4 survivors (4096K)
 Metaspace       used 88704K, committed 89280K, reserved 1179648K
  class space    used 11832K, committed 12096K, reserved 1048576K
}
Event: 8.428 GC heap before
{Heap before GC invocations=33 (full 0):
 garbage-first heap   total 142336K, used 116379K [0x0000000080000000, 0x0000000100000000)
  region size 1024K, 38 young (38912K), 4 survivors (4096K)
 Metaspace       used 90346K, committed 90944K, reserved 1179648K
  class space    used 12073K, committed 12352K, reserved 1048576K
}
Event: 8.432 GC heap after
{Heap after GC invocations=34 (full 0):
 garbage-first heap   total 142336K, used 84798K [0x0000000080000000, 0x0000000100000000)
  region size 1024K, 3 young (3072K), 3 survivors (3072K)
 Metaspace       used 90346K, committed 90944K, reserved 1179648K
  class space    used 12073K, committed 12352K, reserved 1048576K
}
Event: 8.528 GC heap before
{Heap before GC invocations=34 (full 0):
 garbage-first heap   total 174080K, used 117566K [0x0000000080000000, 0x0000000100000000)
  region size 1024K, 36 young (36864K), 3 survivors (3072K)
 Metaspace       used 92537K, committed 93120K, reserved 1179648K
  class space    used 12379K, committed 12672K, reserved 1048576K
}
Event: 8.532 GC heap after
{Heap after GC invocations=35 (full 0):
 garbage-first heap   total 226304K, used 92564K [0x0000000080000000, 0x0000000100000000)
  region size 1024K, 5 young (5120K), 5 survivors (5120K)
 Metaspace       used 92537K, committed 93120K, reserved 1179648K
  class space    used 12379K, committed 12672K, reserved 1048576K
}
Event: 8.732 GC heap before
{Heap before GC invocations=36 (full 0):
 garbage-first heap   total 226304K, used 176532K [0x0000000080000000, 0x0000000100000000)
  region size 1024K, 86 young (88064K), 5 survivors (5120K)
 Metaspace       used 96727K, committed 97408K, reserved 1179648K
  class space    used 13018K, committed 13312K, reserved 1048576K
}
Event: 8.742 GC heap after
{Heap after GC invocations=37 (full 0):
 garbage-first heap   total 226304K, used 109159K [0x0000000080000000, 0x0000000100000000)
  region size 1024K, 11 young (11264K), 11 survivors (11264K)
 Metaspace       used 96727K, committed 97408K, reserved 1179648K
  class space    used 13018K, committed 13312K, reserved 1048576K
}
Event: 8.746 GC heap before
{Heap before GC invocations=37 (full 0):
 garbage-first heap   total 226304K, used 110183K [0x0000000080000000, 0x0000000100000000)
  region size 1024K, 12 young (12288K), 11 survivors (11264K)
 Metaspace       used 96797K, committed 97472K, reserved 1179648K
  class space    used 13029K, committed 13312K, reserved 1048576K
}
Event: 8.752 GC heap after
{Heap after GC invocations=38 (full 0):
 garbage-first heap   total 226304K, used 108282K [0x0000000080000000, 0x0000000100000000)
  region size 1024K, 2 young (2048K), 2 survivors (2048K)
 Metaspace       used 96797K, committed 97472K, reserved 1179648K
  class space    used 13029K, committed 13312K, reserved 1048576K
}
Event: 8.916 GC heap before
{Heap before GC invocations=38 (full 0):
 garbage-first heap   total 226304K, used 170746K [0x0000000080000000, 0x0000000100000000)
  region size 1024K, 63 young (64512K), 2 survivors (2048K)
 Metaspace       used 99593K, committed 100160K, reserved 1179648K
  class space    used 13486K, committed 13760K, reserved 1048576K
}
Event: 8.930 GC heap after
{Heap after GC invocations=39 (full 0):
 garbage-first heap   total 226304K, used 120785K [0x0000000080000000, 0x0000000100000000)
  region size 1024K, 8 young (8192K), 8 survivors (8192K)
 Metaspace       used 99593K, committed 100160K, reserved 1179648K
  class space    used 13486K, committed 13760K, reserved 1048576K
}
Event: 9.215 GC heap before
{Heap before GC invocations=40 (full 0):
 garbage-first heap   total 226304K, used 176081K [0x0000000080000000, 0x0000000100000000)
  region size 1024K, 63 young (64512K), 8 survivors (8192K)
 Metaspace       used 101924K, committed 102528K, reserved 1179648K
  class space    used 13932K, committed 14208K, reserved 1048576K
}
Event: 9.227 GC heap after
{Heap after GC invocations=41 (full 0):
 garbage-first heap   total 226304K, used 130187K [0x0000000080000000, 0x0000000100000000)
  region size 1024K, 8 young (8192K), 8 survivors (8192K)
 Metaspace       used 101924K, committed 102528K, reserved 1179648K
  class space    used 13932K, committed 14208K, reserved 1048576K
}
Event: 9.235 GC heap before
{Heap before GC invocations=41 (full 0):
 garbage-first heap   total 226304K, used 133259K [0x0000000080000000, 0x0000000100000000)
  region size 1024K, 11 young (11264K), 8 survivors (8192K)
 Metaspace       used 102001K, committed 102592K, reserved 1179648K
  class space    used 13953K, committed 14208K, reserved 1048576K
}
Event: 9.242 GC heap after
{Heap after GC invocations=42 (full 0):
 garbage-first heap   total 226304K, used 131227K [0x0000000080000000, 0x0000000100000000)
  region size 1024K, 2 young (2048K), 2 survivors (2048K)
 Metaspace       used 102001K, committed 102592K, reserved 1179648K
  class space    used 13953K, committed 14208K, reserved 1048576K
}
Event: 9.426 GC heap before
{Heap before GC invocations=42 (full 0):
 garbage-first heap   total 226304K, used 179355K [0x0000000080000000, 0x0000000100000000)
  region size 1024K, 50 young (51200K), 2 survivors (2048K)
 Metaspace       used 103586K, committed 104192K, reserved 1179648K
  class space    used 14196K, committed 14464K, reserved 1048576K
}

