# JRE version: OpenJDK Runtime Environment (17.0.11) (build 17.0.11+0--11852314)
# Java VM: OpenJDK 64-Bit Server VM (17.0.11+0--11852314, mixed mode, tiered, compressed oops, compressed class ptrs, g1 gc, windows-amd64)
GC Precious Log:
 CPUs: 8 total, 8 available
 Memory: 16157M
 Large Page Support: Disabled
 NUMA Support: Disabled
 Compressed Oops: Enabled (32-bit)
 Heap Region Size: 1M
 Heap Min Capacity: 8M
 Heap Initial Capacity: 254M
 Heap Max Capacity: 2G
 Pre-touch: Disabled
 Parallel Workers: 8
 Concurrent Workers: 2
 Concurrent Refinement Workers: 8
 Periodic GC: Disabled
Heap:
 garbage-first heap   total 325632K, used 158779K [0x0000000080000000, 0x0000000100000000)
  region size 1024K, 14 young (14336K), 14 survivors (14336K)
 Metaspace       used 109185K, committed 109888K, reserved 1179648K
  class space    used 15043K, committed 15360K, reserved 1048576K
GC Heap History (20 events):
Event: 5.870 GC heap after
{Heap after GC invocations=30 (full 0):
 garbage-first heap   total 134144K, used 68117K [0x0000000080000000, 0x0000000100000000)
  region size 1024K, 5 young (5120K), 5 survivors (5120K)
 Metaspace       used 70209K, committed 70784K, reserved 1114112K
  class space    used 9161K, committed 9408K, reserved 1048576K
}
Event: 6.173 GC heap before
{Heap before GC invocations=31 (full 0):
 garbage-first heap   total 134144K, used 99861K [0x0000000080000000, 0x0000000100000000)
  region size 1024K, 40 young (40960K), 5 survivors (5120K)
 Metaspace       used 74737K, committed 75328K, reserved 1114112K
  class space    used 9986K, committed 10240K, reserved 1048576K
}
Event: 6.178 GC heap after
{Heap after GC invocations=32 (full 0):
 garbage-first heap   total 134144K, used 66441K [0x0000000080000000, 0x0000000100000000)
  region size 1024K, 3 young (3072K), 3 survivors (3072K)
 Metaspace       used 74737K, committed 75328K, reserved 1114112K
  class space    used 9986K, committed 10240K, reserved 1048576K
}
Event: 6.201 GC heap before
{Heap before GC invocations=32 (full 0):
 garbage-first heap   total 134144K, used 69513K [0x0000000080000000, 0x0000000100000000)
  region size 1024K, 6 young (6144K), 3 survivors (3072K)
 Metaspace       used 75082K, committed 75648K, reserved 1114112K
  class space    used 10040K, committed 10304K, reserved 1048576K
}
Event: 6.203 GC heap after
{Heap after GC invocations=33 (full 0):
 garbage-first heap   total 134144K, used 65800K [0x0000000080000000, 0x0000000100000000)
  region size 1024K, 1 young (1024K), 1 survivors (1024K)
 Metaspace       used 75082K, committed 75648K, reserved 1114112K
  class space    used 10040K, committed 10304K, reserved 1048576K
}
Event: 6.628 GC heap before
{Heap before GC invocations=33 (full 0):
 garbage-first heap   total 134144K, used 104712K [0x0000000080000000, 0x0000000100000000)
  region size 1024K, 39 young (39936K), 1 survivors (1024K)
 Metaspace       used 78574K, committed 79104K, reserved 1179648K
  class space    used 10557K, committed 10816K, reserved 1048576K
}
Event: 6.630 GC heap after
{Heap after GC invocations=34 (full 0):
 garbage-first heap   total 134144K, used 68329K [0x0000000080000000, 0x0000000100000000)
  region size 1024K, 3 young (3072K), 3 survivors (3072K)
 Metaspace       used 78574K, committed 79104K, reserved 1179648K
  class space    used 10557K, committed 10816K, reserved 1048576K
}
Event: 7.035 GC heap before
{Heap before GC invocations=35 (full 0):
 garbage-first heap   total 134144K, used 106217K [0x0000000080000000, 0x0000000100000000)
  region size 1024K, 40 young (40960K), 3 survivors (3072K)
 Metaspace       used 83789K, committed 84352K, reserved 1179648K
  class space    used 11322K, committed 11584K, reserved 1048576K
}
Event: 7.039 GC heap after
{Heap after GC invocations=36 (full 0):
 garbage-first heap   total 134144K, used 70775K [0x0000000080000000, 0x0000000100000000)
  region size 1024K, 3 young (3072K), 3 survivors (3072K)
 Metaspace       used 83789K, committed 84352K, reserved 1179648K
  class space    used 11322K, committed 11584K, reserved 1048576K
}
Event: 7.068 GC heap before
{Heap before GC invocations=36 (full 0):
 garbage-first heap   total 134144K, used 73847K [0x0000000080000000, 0x0000000100000000)
  region size 1024K, 6 young (6144K), 3 survivors (3072K)
 Metaspace       used 84020K, committed 84608K, reserved 1179648K
  class space    used 11358K, committed 11648K, reserved 1048576K
}
Event: 7.071 GC heap after
{Heap after GC invocations=37 (full 0):
 garbage-first heap   total 325632K, used 70761K [0x0000000080000000, 0x0000000100000000)
  region size 1024K, 1 young (1024K), 1 survivors (1024K)
 Metaspace       used 84020K, committed 84608K, reserved 1179648K
  class space    used 11358K, committed 11648K, reserved 1048576K
}
Event: 8.545 GC heap before
{Heap before GC invocations=37 (full 0):
 garbage-first heap   total 325632K, used 237673K [0x0000000080000000, 0x0000000100000000)
  region size 1024K, 165 young (168960K), 1 survivors (1024K)
 Metaspace       used 91109K, committed 91776K, reserved 1179648K
  class space    used 12261K, committed 12544K, reserved 1048576K
}
Event: 8.557 GC heap after
{Heap after GC invocations=38 (full 0):
 garbage-first heap   total 325632K, used 85280K [0x0000000080000000, 0x0000000100000000)
  region size 1024K, 15 young (15360K), 15 survivors (15360K)
 Metaspace       used 91109K, committed 91776K, reserved 1179648K
  class space    used 12261K, committed 12544K, reserved 1048576K
}
Event: 9.120 GC heap before
{Heap before GC invocations=38 (full 0):
 garbage-first heap   total 325632K, used 235808K [0x0000000080000000, 0x0000000100000000)
  region size 1024K, 163 young (166912K), 15 survivors (15360K)
 Metaspace       used 99882K, committed 100608K, reserved 1179648K
  class space    used 13552K, committed 13888K, reserved 1048576K
}
Event: 9.140 GC heap after
{Heap after GC invocations=39 (full 0):
 garbage-first heap   total 325632K, used 110489K [0x0000000080000000, 0x0000000100000000)
  region size 1024K, 21 young (21504K), 21 survivors (21504K)
 Metaspace       used 99882K, committed 100608K, reserved 1179648K
  class space    used 13552K, committed 13888K, reserved 1048576K
}
Event: 9.507 GC heap before
{Heap before GC invocations=39 (full 0):
 garbage-first heap   total 325632K, used 240537K [0x0000000080000000, 0x0000000100000000)
  region size 1024K, 149 young (152576K), 21 survivors (21504K)
 Metaspace       used 104589K, committed 105280K, reserved 1179648K
  class space    used 14275K, committed 14592K, reserved 1048576K
}
Event: 9.534 GC heap after
{Heap after GC invocations=40 (full 0):
 garbage-first heap   total 325632K, used 126017K [0x0000000080000000, 0x0000000100000000)
  region size 1024K, 19 young (19456K), 19 survivors (19456K)
 Metaspace       used 104589K, committed 105280K, reserved 1179648K
  class space    used 14275K, committed 14592K, reserved 1048576K
}
Event: 9.802 GC heap before
{Heap before GC invocations=40 (full 0):
 garbage-first heap   total 325632K, used 245825K [0x0000000080000000, 0x0000000100000000)
  region size 1024K, 135 young (138240K), 19 survivors (19456K)
 Metaspace       used 108189K, committed 108864K, reserved 1179648K
  class space    used 14918K, committed 15232K, reserved 1048576K
}
Event: 9.830 GC heap after
{Heap after GC invocations=41 (full 0):
 garbage-first heap   total 325632K, used 145547K [0x0000000080000000, 0x0000000100000000)
  region size 1024K, 17 young (17408K), 17 survivors (17408K)
 Metaspace       used 108189K, committed 108864K, reserved 1179648K
  class space    used 14918K, committed 15232K, reserved 1048576K
}
Event: 10.304 GC heap before
{Heap before GC invocations=41 (full 0):
 garbage-first heap   total 325632K, used 251019K [0x0000000080000000, 0x0000000100000000)
  region size 1024K, 121 young (123904K), 17 survivors (17408K)
 Metaspace       used 109185K, committed 109888K, reserved 1179648K
  class space    used 15043K, committed 15360K, reserved 1048576K
}

