# JRE version: OpenJDK Runtime Environment (17.0.11) (build 17.0.11+0--11852314)
# Java VM: OpenJDK 64-Bit Server VM (17.0.11+0--11852314, mixed mode, tiered, compressed oops, compressed class ptrs, g1 gc, windows-amd64)
GC Precious Log:
 CPUs: 8 total, 8 available
 Memory: 16157M
 Large Page Support: Disabled
 NUMA Support: Disabled
 Compressed Oops: Enabled (32-bit)
 Heap Region Size: 1M
 Heap Min Capacity: 8M
 Heap Initial Capacity: 254M
 Heap Max Capacity: 2G
 Pre-touch: Disabled
 Parallel Workers: 8
 Concurrent Workers: 2
 Concurrent Refinement Workers: 8
 Periodic GC: Disabled
Heap:
 garbage-first heap   total 260096K, used 100684K [0x0000000080000000, 0x0000000100000000)
  region size 1024K, 6 young (6144K), 6 survivors (6144K)
 Metaspace       used 93832K, committed 94400K, reserved 1179648K
  class space    used 12546K, committed 12800K, reserved 1048576K
GC Heap History (20 events):
Event: 6.595 GC heap after
{Heap after GC invocations=31 (full 0):
 garbage-first heap   total 119808K, used 68176K [0x0000000080000000, 0x0000000100000000)
  region size 1024K, 2 young (2048K), 2 survivors (2048K)
 Metaspace       used 79916K, committed 80448K, reserved 1179648K
  class space    used 10674K, committed 10944K, reserved 1048576K
}
Event: 6.898 GC heap before
{Heap before GC invocations=31 (full 0):
 garbage-first heap   total 119808K, used 98896K [0x0000000080000000, 0x0000000100000000)
  region size 1024K, 32 young (32768K), 2 survivors (2048K)
 Metaspace       used 83352K, committed 83840K, reserved 1179648K
  class space    used 11102K, committed 11328K, reserved 1048576K
}
Event: 6.902 GC heap after
{Heap after GC invocations=32 (full 0):
 garbage-first heap   total 119808K, used 70911K [0x0000000080000000, 0x0000000100000000)
  region size 1024K, 4 young (4096K), 4 survivors (4096K)
 Metaspace       used 83352K, committed 83840K, reserved 1179648K
  class space    used 11102K, committed 11328K, reserved 1048576K
}
Event: 7.213 GC heap before
{Heap before GC invocations=33 (full 0):
 garbage-first heap   total 128000K, used 97535K [0x0000000080000000, 0x0000000100000000)
  region size 1024K, 31 young (31744K), 4 survivors (4096K)
 Metaspace       used 86660K, committed 87232K, reserved 1179648K
  class space    used 11561K, committed 11840K, reserved 1048576K
}
Event: 7.219 GC heap after
{Heap after GC invocations=34 (full 0):
 garbage-first heap   total 128000K, used 75129K [0x0000000080000000, 0x0000000100000000)
  region size 1024K, 4 young (4096K), 4 survivors (4096K)
 Metaspace       used 86660K, committed 87232K, reserved 1179648K
  class space    used 11561K, committed 11840K, reserved 1048576K
}
Event: 7.523 GC heap before
{Heap before GC invocations=34 (full 0):
 garbage-first heap   total 128000K, used 103801K [0x0000000080000000, 0x0000000100000000)
  region size 1024K, 33 young (33792K), 4 survivors (4096K)
 Metaspace       used 87363K, committed 87872K, reserved 1179648K
  class space    used 11668K, committed 11904K, reserved 1048576K
}
Event: 7.529 GC heap after
{Heap after GC invocations=35 (full 0):
 garbage-first heap   total 128000K, used 77642K [0x0000000080000000, 0x0000000100000000)
  region size 1024K, 3 young (3072K), 3 survivors (3072K)
 Metaspace       used 87363K, committed 87872K, reserved 1179648K
  class space    used 11668K, committed 11904K, reserved 1048576K
}
Event: 7.799 GC heap before
{Heap before GC invocations=36 (full 0):
 garbage-first heap   total 140288K, used 104266K [0x0000000080000000, 0x0000000100000000)
  region size 1024K, 30 young (30720K), 3 survivors (3072K)
 Metaspace       used 87670K, committed 88256K, reserved 1179648K
  class space    used 11699K, committed 11968K, reserved 1048576K
}
Event: 7.802 GC heap after
{Heap after GC invocations=37 (full 0):
 garbage-first heap   total 140288K, used 79789K [0x0000000080000000, 0x0000000100000000)
  region size 1024K, 3 young (3072K), 3 survivors (3072K)
 Metaspace       used 87670K, committed 88256K, reserved 1179648K
  class space    used 11699K, committed 11968K, reserved 1048576K
}
Event: 7.855 GC heap before
{Heap before GC invocations=37 (full 0):
 garbage-first heap   total 140288K, used 81837K [0x0000000080000000, 0x0000000100000000)
  region size 1024K, 6 young (6144K), 3 survivors (3072K)
 Metaspace       used 87715K, committed 88320K, reserved 1179648K
  class space    used 11704K, committed 11968K, reserved 1048576K
}
Event: 7.859 GC heap after
{Heap after GC invocations=38 (full 0):
 garbage-first heap   total 168960K, used 80151K [0x0000000080000000, 0x0000000100000000)
  region size 1024K, 1 young (1024K), 1 survivors (1024K)
 Metaspace       used 87715K, committed 88320K, reserved 1179648K
  class space    used 11704K, committed 11968K, reserved 1048576K
}
Event: 8.352 GC heap before
{Heap before GC invocations=38 (full 0):
 garbage-first heap   total 168960K, used 135447K [0x0000000080000000, 0x0000000100000000)
  region size 1024K, 56 young (57344K), 1 survivors (1024K)
 Metaspace       used 89563K, committed 90176K, reserved 1179648K
  class space    used 11940K, committed 12224K, reserved 1048576K
}
Event: 8.357 GC heap after
{Heap after GC invocations=39 (full 0):
 garbage-first heap   total 168960K, used 84211K [0x0000000080000000, 0x0000000100000000)
  region size 1024K, 5 young (5120K), 5 survivors (5120K)
 Metaspace       used 89563K, committed 90176K, reserved 1179648K
  class space    used 11940K, committed 12224K, reserved 1048576K
}
Event: 8.627 GC heap before
{Heap before GC invocations=40 (full 0):
 garbage-first heap   total 168960K, used 134387K [0x0000000080000000, 0x0000000100000000)
  region size 1024K, 55 young (56320K), 5 survivors (5120K)
 Metaspace       used 92392K, committed 92992K, reserved 1179648K
  class space    used 12342K, committed 12608K, reserved 1048576K
}
Event: 8.633 GC heap after
{Heap after GC invocations=41 (full 0):
 garbage-first heap   total 168960K, used 92883K [0x0000000080000000, 0x0000000100000000)
  region size 1024K, 7 young (7168K), 7 survivors (7168K)
 Metaspace       used 92392K, committed 92992K, reserved 1179648K
  class space    used 12342K, committed 12608K, reserved 1048576K
}
Event: 8.634 GC heap before
{Heap before GC invocations=41 (full 0):
 garbage-first heap   total 168960K, used 92883K [0x0000000080000000, 0x0000000100000000)
  region size 1024K, 8 young (8192K), 7 survivors (7168K)
 Metaspace       used 92403K, committed 92992K, reserved 1179648K
  class space    used 12343K, committed 12608K, reserved 1048576K
}
Event: 8.638 GC heap after
{Heap after GC invocations=42 (full 0):
 garbage-first heap   total 168960K, used 90070K [0x0000000080000000, 0x0000000100000000)
  region size 1024K, 1 young (1024K), 1 survivors (1024K)
 Metaspace       used 92403K, committed 92992K, reserved 1179648K
  class space    used 12343K, committed 12608K, reserved 1048576K
}
Event: 8.645 GC heap before
{Heap before GC invocations=42 (full 0):
 garbage-first heap   total 168960K, used 98262K [0x0000000080000000, 0x0000000100000000)
  region size 1024K, 11 young (11264K), 1 survivors (1024K)
 Metaspace       used 92607K, committed 93184K, reserved 1179648K
  class space    used 12362K, committed 12608K, reserved 1048576K
}
Event: 8.647 GC heap after
{Heap after GC invocations=43 (full 0):
 garbage-first heap   total 168960K, used 92286K [0x0000000080000000, 0x0000000100000000)
  region size 1024K, 4 young (4096K), 4 survivors (4096K)
 Metaspace       used 92607K, committed 93184K, reserved 1179648K
  class space    used 12362K, committed 12608K, reserved 1048576K
}
Event: 8.716 GC heap before
{Heap before GC invocations=43 (full 0):
 garbage-first heap   total 168960K, used 131198K [0x0000000080000000, 0x0000000100000000)
  region size 1024K, 41 young (41984K), 4 survivors (4096K)
 Metaspace       used 93832K, committed 94400K, reserved 1179648K
  class space    used 12546K, committed 12800K, reserved 1048576K
}

